<?xml version="1.0" encoding="UTF-8"?>
<testsuite xmlns:xsi="http://www.w3.org/2001/XMLSchema-instance" xsi:noNamespaceSchemaLocation="https://maven.apache.org/surefire/maven-surefire-plugin/xsd/surefire-test-report-3.0.xsd" version="3.0" name="NetworkRunner.RunnableTests" time="8.394" tests="30" errors="0" skipped="0" failures="10">
  <properties>
    <property name="cucumber.features" value="src/main/resources/features/NewPostByExistingUser.feature ,&#10;						src/main/resources/features/GetTheExistingPostDetails.feature,&#10;						src/main/resources/features/UpdatingAnExistingPost.feature,&#10;						src/main/resources/features/DeleteAnExistingPost.feature,&#10;						src/main/resources/features/PatchingAnExistingResource.feature,&#10;						src/main/resources/features/GetTheComments.feature"/>
    <property name="gopherProxySet" value="false"/>
    <property name="awt.toolkit" value="sun.lwawt.macosx.LWCToolkit"/>
    <property name="file.encoding.pkg" value="sun.io"/>
    <property name="java.specification.version" value="1.8"/>
    <property name="sun.cpu.isalist" value=""/>
    <property name="sun.jnu.encoding" value="UTF-8"/>
    <property name="java.class.path" value="/Users/hema/eclipse-workspace/SocialNetworkingCommunity/target/test-classes:/Users/hema/eclipse-workspace/SocialNetworkingCommunity/target/classes:/Users/hema/.m2/repository/io/cucumber/cucumber-java/7.11.0/cucumber-java-7.11.0.jar:/Users/hema/.m2/repository/org/apiguardian/apiguardian-api/1.1.2/apiguardian-api-1.1.2.jar:/Users/hema/.m2/repository/io/cucumber/cucumber-core/7.11.0/cucumber-core-7.11.0.jar:/Users/hema/.m2/repository/io/cucumber/cucumber-gherkin/7.11.0/cucumber-gherkin-7.11.0.jar:/Users/hema/.m2/repository/io/cucumber/cucumber-gherkin-messages/7.11.0/cucumber-gherkin-messages-7.11.0.jar:/Users/hema/.m2/repository/io/cucumber/gherkin/26.0.3/gherkin-26.0.3.jar:/Users/hema/.m2/repository/io/cucumber/messages/21.0.1/messages-21.0.1.jar:/Users/hema/.m2/repository/io/cucumber/tag-expressions/5.0.1/tag-expressions-5.0.1.jar:/Users/hema/.m2/repository/io/cucumber/cucumber-expressions/16.1.1/cucumber-expressions-16.1.1.jar:/Users/hema/.m2/repository/io/cucumber/datatable/7.11.0/datatable-7.11.0.jar:/Users/hema/.m2/repository/io/cucumber/cucumber-plugin/7.11.0/cucumber-plugin-7.11.0.jar:/Users/hema/.m2/repository/io/cucumber/docstring/7.11.0/docstring-7.11.0.jar:/Users/hema/.m2/repository/io/cucumber/html-formatter/20.2.1/html-formatter-20.2.1.jar:/Users/hema/.m2/repository/io/cucumber/junit-xml-formatter/0.1.0/junit-xml-formatter-0.1.0.jar:/Users/hema/.m2/repository/io/cucumber/ci-environment/9.1.0/ci-environment-9.1.0.jar:/Users/hema/.m2/repository/io/rest-assured/json-path/5.3.0/json-path-5.3.0.jar:/Users/hema/.m2/repository/org/apache/groovy/groovy-json/4.0.6/groovy-json-4.0.6.jar:/Users/hema/.m2/repository/org/apache/groovy/groovy/4.0.6/groovy-4.0.6.jar:/Users/hema/.m2/repository/io/rest-assured/rest-assured-common/5.3.0/rest-assured-common-5.3.0.jar:/Users/hema/.m2/repository/org/apache/commons/commons-lang3/3.11/commons-lang3-3.11.jar:/Users/hema/.m2/repository/org/junit/jupiter/junit-jupiter-api/5.9.2/junit-jupiter-api-5.9.2.jar:/Users/hema/.m2/repository/org/opentest4j/opentest4j/1.2.0/opentest4j-1.2.0.jar:/Users/hema/.m2/repository/org/junit/platform/junit-platform-commons/1.9.2/junit-platform-commons-1.9.2.jar:/Users/hema/.m2/repository/com/fasterxml/jackson/core/jackson-databind/2.14.1/jackson-databind-2.14.1.jar:/Users/hema/.m2/repository/com/fasterxml/jackson/core/jackson-annotations/2.14.1/jackson-annotations-2.14.1.jar:/Users/hema/.m2/repository/com/fasterxml/jackson/core/jackson-core/2.14.1/jackson-core-2.14.1.jar:/Users/hema/.m2/repository/io/cucumber/cucumber-junit-platform-engine/7.11.0/cucumber-junit-platform-engine-7.11.0.jar:/Users/hema/.m2/repository/org/junit/platform/junit-platform-suite-engine/1.9.2/junit-platform-suite-engine-1.9.2.jar:/Users/hema/.m2/repository/org/junit/platform/junit-platform-suite-api/1.9.2/junit-platform-suite-api-1.9.2.jar:/Users/hema/.m2/repository/org/junit/platform/junit-platform-suite-commons/1.9.2/junit-platform-suite-commons-1.9.2.jar:/Users/hema/.m2/repository/org/junit/platform/junit-platform-launcher/1.9.2/junit-platform-launcher-1.9.2.jar:/Users/hema/.m2/repository/org/junit/jupiter/junit-jupiter-engine/5.9.2/junit-jupiter-engine-5.9.2.jar:/Users/hema/.m2/repository/io/cucumber/cucumber-java8/7.11.0/cucumber-java8-7.11.0.jar:/Users/hema/.m2/repository/net/jodah/typetools/0.6.3/typetools-0.6.3.jar:/Users/hema/.m2/repository/org/junit/platform/junit-platform-suite/1.9.2/junit-platform-suite-1.9.2.jar:/Users/hema/.m2/repository/org/junit/platform/junit-platform-engine/1.9.2/junit-platform-engine-1.9.2.jar:/Users/hema/.m2/repository/io/rest-assured/rest-assured/5.3.0/rest-assured-5.3.0.jar:/Users/hema/.m2/repository/org/apache/groovy/groovy-xml/4.0.6/groovy-xml-4.0.6.jar:/Users/hema/.m2/repository/org/apache/httpcomponents/httpclient/4.5.13/httpclient-4.5.13.jar:/Users/hema/.m2/repository/org/apache/httpcomponents/httpcore/4.4.13/httpcore-4.4.13.jar:/Users/hema/.m2/repository/commons-logging/commons-logging/1.2/commons-logging-1.2.jar:/Users/hema/.m2/repository/commons-codec/commons-codec/1.11/commons-codec-1.11.jar:/Users/hema/.m2/repository/org/apache/httpcomponents/httpmime/4.5.13/httpmime-4.5.13.jar:/Users/hema/.m2/repository/org/hamcrest/hamcrest/2.1/hamcrest-2.1.jar:/Users/hema/.m2/repository/org/ccil/cowan/tagsoup/tagsoup/1.2.1/tagsoup-1.2.1.jar:/Users/hema/.m2/repository/io/rest-assured/xml-path/5.3.0/xml-path-5.3.0.jar:/Users/hema/.m2/repository/io/cucumber/cucumber-junit/7.11.0/cucumber-junit-7.11.0.jar:/Users/hema/.m2/repository/junit/junit/4.13.2/junit-4.13.2.jar:/Users/hema/.m2/repository/org/hamcrest/hamcrest-core/1.3/hamcrest-core-1.3.jar:/Users/hema/.m2/repository/org/junit/vintage/junit-vintage-engine/5.9.2/junit-vintage-engine-5.9.2.jar:"/>
    <property name="java.vm.vendor" value="Oracle Corporation"/>
    <property name="sun.arch.data.model" value="64"/>
    <property name="java.vendor.url" value="http://java.oracle.com/"/>
    <property name="user.timezone" value="Europe/Warsaw"/>
    <property name="user.country.format" value="IN"/>
    <property name="java.vm.specification.version" value="1.8"/>
    <property name="os.name" value="Mac OS X"/>
    <property name="user.country" value="GB"/>
    <property name="sun.java.launcher" value="SUN_STANDARD"/>
    <property name="sun.boot.library.path" value="/Library/Internet Plug-Ins/JavaAppletPlugin.plugin/Contents/Home/lib"/>
    <property name="sun.java.command" value="/Users/hema/eclipse-workspace/SocialNetworkingCommunity/target/surefire/surefirebooter-20230121113344128_3.jar /Users/hema/eclipse-workspace/SocialNetworkingCommunity/target/surefire 2023-01-21T11-33-43_362-jvmRun1 surefire-20230121113344128_1tmp surefire_0-20230121113344128_2tmp"/>
    <property name="http.nonProxyHosts" value="local|*.local|169.254/16|*.169.254/16"/>
    <property name="surefire.test.class.path" value="/Users/hema/eclipse-workspace/SocialNetworkingCommunity/target/test-classes:/Users/hema/eclipse-workspace/SocialNetworkingCommunity/target/classes:/Users/hema/.m2/repository/io/cucumber/cucumber-java/7.11.0/cucumber-java-7.11.0.jar:/Users/hema/.m2/repository/org/apiguardian/apiguardian-api/1.1.2/apiguardian-api-1.1.2.jar:/Users/hema/.m2/repository/io/cucumber/cucumber-core/7.11.0/cucumber-core-7.11.0.jar:/Users/hema/.m2/repository/io/cucumber/cucumber-gherkin/7.11.0/cucumber-gherkin-7.11.0.jar:/Users/hema/.m2/repository/io/cucumber/cucumber-gherkin-messages/7.11.0/cucumber-gherkin-messages-7.11.0.jar:/Users/hema/.m2/repository/io/cucumber/gherkin/26.0.3/gherkin-26.0.3.jar:/Users/hema/.m2/repository/io/cucumber/messages/21.0.1/messages-21.0.1.jar:/Users/hema/.m2/repository/io/cucumber/tag-expressions/5.0.1/tag-expressions-5.0.1.jar:/Users/hema/.m2/repository/io/cucumber/cucumber-expressions/16.1.1/cucumber-expressions-16.1.1.jar:/Users/hema/.m2/repository/io/cucumber/datatable/7.11.0/datatable-7.11.0.jar:/Users/hema/.m2/repository/io/cucumber/cucumber-plugin/7.11.0/cucumber-plugin-7.11.0.jar:/Users/hema/.m2/repository/io/cucumber/docstring/7.11.0/docstring-7.11.0.jar:/Users/hema/.m2/repository/io/cucumber/html-formatter/20.2.1/html-formatter-20.2.1.jar:/Users/hema/.m2/repository/io/cucumber/junit-xml-formatter/0.1.0/junit-xml-formatter-0.1.0.jar:/Users/hema/.m2/repository/io/cucumber/ci-environment/9.1.0/ci-environment-9.1.0.jar:/Users/hema/.m2/repository/io/rest-assured/json-path/5.3.0/json-path-5.3.0.jar:/Users/hema/.m2/repository/org/apache/groovy/groovy-json/4.0.6/groovy-json-4.0.6.jar:/Users/hema/.m2/repository/org/apache/groovy/groovy/4.0.6/groovy-4.0.6.jar:/Users/hema/.m2/repository/io/rest-assured/rest-assured-common/5.3.0/rest-assured-common-5.3.0.jar:/Users/hema/.m2/repository/org/apache/commons/commons-lang3/3.11/commons-lang3-3.11.jar:/Users/hema/.m2/repository/org/junit/jupiter/junit-jupiter-api/5.9.2/junit-jupiter-api-5.9.2.jar:/Users/hema/.m2/repository/org/opentest4j/opentest4j/1.2.0/opentest4j-1.2.0.jar:/Users/hema/.m2/repository/org/junit/platform/junit-platform-commons/1.9.2/junit-platform-commons-1.9.2.jar:/Users/hema/.m2/repository/com/fasterxml/jackson/core/jackson-databind/2.14.1/jackson-databind-2.14.1.jar:/Users/hema/.m2/repository/com/fasterxml/jackson/core/jackson-annotations/2.14.1/jackson-annotations-2.14.1.jar:/Users/hema/.m2/repository/com/fasterxml/jackson/core/jackson-core/2.14.1/jackson-core-2.14.1.jar:/Users/hema/.m2/repository/io/cucumber/cucumber-junit-platform-engine/7.11.0/cucumber-junit-platform-engine-7.11.0.jar:/Users/hema/.m2/repository/org/junit/platform/junit-platform-suite-engine/1.9.2/junit-platform-suite-engine-1.9.2.jar:/Users/hema/.m2/repository/org/junit/platform/junit-platform-suite-api/1.9.2/junit-platform-suite-api-1.9.2.jar:/Users/hema/.m2/repository/org/junit/platform/junit-platform-suite-commons/1.9.2/junit-platform-suite-commons-1.9.2.jar:/Users/hema/.m2/repository/org/junit/platform/junit-platform-launcher/1.9.2/junit-platform-launcher-1.9.2.jar:/Users/hema/.m2/repository/org/junit/jupiter/junit-jupiter-engine/5.9.2/junit-jupiter-engine-5.9.2.jar:/Users/hema/.m2/repository/io/cucumber/cucumber-java8/7.11.0/cucumber-java8-7.11.0.jar:/Users/hema/.m2/repository/net/jodah/typetools/0.6.3/typetools-0.6.3.jar:/Users/hema/.m2/repository/org/junit/platform/junit-platform-suite/1.9.2/junit-platform-suite-1.9.2.jar:/Users/hema/.m2/repository/org/junit/platform/junit-platform-engine/1.9.2/junit-platform-engine-1.9.2.jar:/Users/hema/.m2/repository/io/rest-assured/rest-assured/5.3.0/rest-assured-5.3.0.jar:/Users/hema/.m2/repository/org/apache/groovy/groovy-xml/4.0.6/groovy-xml-4.0.6.jar:/Users/hema/.m2/repository/org/apache/httpcomponents/httpclient/4.5.13/httpclient-4.5.13.jar:/Users/hema/.m2/repository/org/apache/httpcomponents/httpcore/4.4.13/httpcore-4.4.13.jar:/Users/hema/.m2/repository/commons-logging/commons-logging/1.2/commons-logging-1.2.jar:/Users/hema/.m2/repository/commons-codec/commons-codec/1.11/commons-codec-1.11.jar:/Users/hema/.m2/repository/org/apache/httpcomponents/httpmime/4.5.13/httpmime-4.5.13.jar:/Users/hema/.m2/repository/org/hamcrest/hamcrest/2.1/hamcrest-2.1.jar:/Users/hema/.m2/repository/org/ccil/cowan/tagsoup/tagsoup/1.2.1/tagsoup-1.2.1.jar:/Users/hema/.m2/repository/io/rest-assured/xml-path/5.3.0/xml-path-5.3.0.jar:/Users/hema/.m2/repository/io/cucumber/cucumber-junit/7.11.0/cucumber-junit-7.11.0.jar:/Users/hema/.m2/repository/junit/junit/4.13.2/junit-4.13.2.jar:/Users/hema/.m2/repository/org/hamcrest/hamcrest-core/1.3/hamcrest-core-1.3.jar:/Users/hema/.m2/repository/org/junit/vintage/junit-vintage-engine/5.9.2/junit-vintage-engine-5.9.2.jar:"/>
    <property name="sun.cpu.endian" value="little"/>
    <property name="user.home" value="/Users/hema"/>
    <property name="user.language" value="en"/>
    <property name="java.specification.vendor" value="Oracle Corporation"/>
    <property name="java.home" value="/Library/Internet Plug-Ins/JavaAppletPlugin.plugin/Contents/Home"/>
    <property name="basedir" value="/Users/hema/eclipse-workspace/SocialNetworkingCommunity"/>
    <property name="file.separator" value="/"/>
    <property name="line.separator" value="&#10;"/>
    <property name="java.vm.specification.vendor" value="Oracle Corporation"/>
    <property name="java.specification.name" value="Java Platform API Specification"/>
    <property name="java.awt.graphicsenv" value="sun.awt.CGraphicsEnvironment"/>
    <property name="surefire.real.class.path" value="/Users/hema/eclipse-workspace/SocialNetworkingCommunity/target/surefire/surefirebooter-20230121113344128_3.jar"/>
    <property name="sun.boot.class.path" value="/Library/Internet Plug-Ins/JavaAppletPlugin.plugin/Contents/Home/lib/resources.jar:/Library/Internet Plug-Ins/JavaAppletPlugin.plugin/Contents/Home/lib/rt.jar:/Library/Internet Plug-Ins/JavaAppletPlugin.plugin/Contents/Home/lib/sunrsasign.jar:/Library/Internet Plug-Ins/JavaAppletPlugin.plugin/Contents/Home/lib/jsse.jar:/Library/Internet Plug-Ins/JavaAppletPlugin.plugin/Contents/Home/lib/jce.jar:/Library/Internet Plug-Ins/JavaAppletPlugin.plugin/Contents/Home/lib/charsets.jar:/Library/Internet Plug-Ins/JavaAppletPlugin.plugin/Contents/Home/lib/jfr.jar:/Library/Internet Plug-Ins/JavaAppletPlugin.plugin/Contents/Home/classes"/>
    <property name="sun.management.compiler" value="HotSpot 64-Bit Tiered Compilers"/>
    <property name="ftp.nonProxyHosts" value="local|*.local|169.254/16|*.169.254/16"/>
    <property name="cucumber.plugin" value="pretty, html:src/test/resources/Reports/Posts2023-01-21T10:33:40Z.html"/>
    <property name="java.runtime.version" value="1.8.0_211-b12"/>
    <property name="user.name" value="hema"/>
    <property name="path.separator" value=":"/>
    <property name="os.version" value="10.16"/>
    <property name="java.endorsed.dirs" value="/Library/Internet Plug-Ins/JavaAppletPlugin.plugin/Contents/Home/lib/endorsed"/>
    <property name="java.runtime.name" value="Java(TM) SE Runtime Environment"/>
    <property name="file.encoding" value="UTF-8"/>
    <property name="java.vm.name" value="Java HotSpot(TM) 64-Bit Server VM"/>
    <property name="localRepository" value="/Users/hema/.m2/repository"/>
    <property name="java.vendor.url.bug" value="http://bugreport.sun.com/bugreport/"/>
    <property name="java.io.tmpdir" value="/var/folders/mf/j0n3s12n1tlf4g1yg6gg3_1h0000gn/T/"/>
    <property name="java.version" value="1.8.0_211"/>
    <property name="user.dir" value="/Users/hema/eclipse-workspace/SocialNetworkingCommunity"/>
    <property name="os.arch" value="x86_64"/>
    <property name="java.vm.specification.name" value="Java Virtual Machine Specification"/>
    <property name="java.awt.printerjob" value="sun.lwawt.macosx.CPrinterJob"/>
    <property name="sun.os.patch.level" value="unknown"/>
    <property name="java.library.path" value="/Users/hema/Library/Java/Extensions:/Library/Java/Extensions:/Network/Library/Java/Extensions:/System/Library/Java/Extensions:/usr/lib/java:."/>
    <property name="java.vm.info" value="mixed mode"/>
    <property name="java.vendor" value="Oracle Corporation"/>
    <property name="java.vm.version" value="25.211-b12"/>
    <property name="java.ext.dirs" value="/Users/hema/Library/Java/Extensions:/Library/Internet Plug-Ins/JavaAppletPlugin.plugin/Contents/Home/lib/ext:/Library/Java/Extensions:/Network/Library/Java/Extensions:/System/Library/Java/Extensions:/usr/lib/java"/>
    <property name="sun.io.unicode.encoding" value="UnicodeBig"/>
    <property name="java.class.version" value="52.0"/>
    <property name="socksNonProxyHosts" value="local|*.local|169.254/16|*.169.254/16"/>
  </properties>
  <testcase name="Example #1.1" classname="Examples" time="5.513">
    <system-out><![CDATA[
Scenario Outline: Deleting the post                                                       &amp#27;[90m# src/main/resources/features/DeleteAnExistingPost.feature:14&amp#27;[0m

    Request to the end point:https://jsonplaceholder.typicode.com/posts

  &amp#27;[32mGiven &amp#27;[0m&amp#27;[32mI am an existing user of the social network&amp#27;[0m                                       &amp#27;[90m# StepDefinations.NewPostsbyexistinguser_UpdationPostsDefns.i_am_an_existing_user_of_the_social_network()&amp#27;[0m

    Setting header:Content-type=application/json; charset=UTF-8

  &amp#27;[32mAnd &amp#27;[0m&amp#27;[32mI want to post a new message with type header specification&amp#27;[0m                         &amp#27;[90m# StepDefinations.NewPostsbyexistinguser_UpdationPostsDefns.i_want_to_post_a_new_message_with_type_header_specification()&amp#27;[0m
POSTID: get 1
  &amp#27;[32mAnd &amp#27;[0m&amp#27;[32mwhen I get the existing resource values with user id  with title where post id is &amp#27;[0m&amp#27;[32m&amp#27;[1m1&amp#27;[0m &amp#27;[90m# StepDefinations.NewPostsbyexistinguser_UpdationPostsDefns.when_i_get_the_existing_resource_values_with_user_id_with_title_where_post_id_is(java.lang.Integer)&amp#27;[0m

    Deleting the an existing resource  resource post :1

  &amp#27;[32mWhen &amp#27;[0m&amp#27;[32mdelete where post id is &amp#27;[0m&amp#27;[32m&amp#27;[1m1&amp#27;[0m                                                          &amp#27;[90m# StepDefinations.NewPostsbyexistinguser_UpdationPostsDefns.delete_where_post_id_is(java.lang.Integer)&amp#27;[0m
{
    
}

    Retreived response is :{}

{
    
}

    validated the response and is :{}

  &amp#27;[32mThen &amp#27;[0m&amp#27;[32mthe response is posted&amp#27;[0m                                                             &amp#27;[90m# StepDefinations.NewPostsbyexistinguser_UpdationPostsDefns.the_response_is_posted()&amp#27;[0m
HTTP/1.1 200 OK
Date: Sat, 21 Jan 2023 10:33:51 GMT
Content-Type: application/json; charset=utf-8
Content-Length: 2
Connection: keep-alive
X-Powered-By: Express
X-Ratelimit-Limit: 1000
X-Ratelimit-Remaining: 999
X-Ratelimit-Reset: 1674297253
Vary: Origin, Accept-Encoding
Access-Control-Allow-Credentials: true
Cache-Control: no-cache
Pragma: no-cache
Expires: -1
X-Content-Type-Options: nosniff
Etag: W/"2-vyGp6PvFo4RvsFtPoIWeCReyIC8"
Via: 1.1 vegur
CF-Cache-Status: DYNAMIC
Server-Timing: cf-q-config;dur=6.9999950937927e-06
Report-To: {"endpoints":[{"url":"https:\/\/a.nel.cloudflare.com\/report\/v3?s=%2FFPfTTlnW8iUl8BGd342He42%2BYVZg527zhtPo5k38r6whXyfaV1BH65tqDbrSJhq%2Fe3Lgz3n%2BWB61cy2okwR8orxTyQ0qt3ByAh8kZ67P6Vt3TFa0QwSk6rhIxNM%2BoKCo9c1T1z%2FgXHMrwDMC0Bv"}],"group":"cf-nel","max_age":604800}
NEL: {"success_fraction":0,"report_to":"cf-nel","max_age":604800}
Server: cloudflare
CF-RAY: 78cf64deae7cf2c4-WAW
alt-svc: h3=":443"; ma=86400, h3-29=":443"; ma=86400

{
    
}

    the post is deleted sucessfully with postid :1Response of the body is emptyio.restassured.internal.ValidatableResponseImpl@608b1fd2

  &amp#27;[32mAnd &amp#27;[0m&amp#27;[32mI want to verify the post deleted&amp#27;[0m                                                   &amp#27;[90m# StepDefinations.NewPostsbyexistinguser_UpdationPostsDefns.i_want_to_verify_the_post_deleted()&amp#27;[0m
This will run after the Scenario
]]></system-out>
    <system-err><![CDATA[Jan 21, 2023 11:33:45 AM io.cucumber.junit.platform.engine.DiscoverySelectorResolver warnWhenCucumberFeaturesPropertyIsUsed
WARNING: Discovering tests using the cucumber.features property. Other discovery selectors are ignored!
Please request/upvote/sponsor/ect better support for JUnit 5 discovery selectors.
See: https://github.com/cucumber/cucumber-jvm/pull/2498
]]></system-err>
  </testcase>
  <testcase name="Example #1.1" classname="Examples" time="0.628">
    <system-out><![CDATA[
Scenario Outline: I want to read the comments based on postid &amp#27;[90m# src/main/resources/features/GetTheComments.feature:13&amp#27;[0m

    End point url of the posts is :https://jsonplaceholder.typicode.com/posts

  &amp#27;[32mGiven &amp#27;[0m&amp#27;[32mI am an user of the social network&amp#27;[0m                    &amp#27;[90m# StepDefinations.ReadingExistngPostDetailsDefns.i_am_an_user_of_the_social_network()&amp#27;[0m
  &amp#27;[32mWhen &amp#27;[0m&amp#27;[32mI can access the posts&amp#27;[0m                                 &amp#27;[90m# StepDefinations.ReadingExistngPostDetailsDefns.i_can_access_the_posts()&amp#27;[0m
  &amp#27;[32mThen &amp#27;[0m&amp#27;[32mI want to get the &amp#27;[0m&amp#27;[32m&amp#27;[1m"comments"&amp#27;[0m&amp#27;[32m &amp#27;[0m&amp#27;[32m&amp#27;[1m1&amp#27;[0m                         &amp#27;[90m# StepDefinations.ReadingExistngPostDetailsDefns.i_want_to_get_the(java.lang.String,java.lang.Integer)&amp#27;[0m

    the fetched comments postid is :1


    the fetched comments size is :5


    the status code is :200

  &amp#27;[32mAnd &amp#27;[0m&amp#27;[32mI want to verify comments&amp#27;[0m                               &amp#27;[90m# StepDefinations.ReadingExistngPostDetailsDefns.i_want_to_verify_comments()&amp#27;[0m
Eliseo@gardner.biz
  &amp#27;[32mAnd &amp#27;[0m&amp#27;[32mverify the details of comments made by userid &amp#27;[0m&amp#27;[32m&amp#27;[1m1&amp#27;[0m         &amp#27;[90m# StepDefinations.ReadingExistngPostDetailsDefns.verify_the_details_of_comments_made_by_userid(java.lang.Integer)&amp#27;[0m
This will run after the Scenario
]]></system-out>
  </testcase>
  <testcase name="Example #1.1" classname="Examples" time="0.774">
    <system-out><![CDATA[
@qa
Scenario Outline: Posting the message                                                       &amp#27;[90m# src/main/resources/features/NewPostByExistingUser.feature:15&amp#27;[0m

    Request to the end point:https://jsonplaceholder.typicode.com/posts

  &amp#27;[32mGiven &amp#27;[0m&amp#27;[32mI am an existing user of the social network&amp#27;[0m                                         &amp#27;[90m# StepDefinations.NewPostsbyexistinguser_UpdationPostsDefns.i_am_an_existing_user_of_the_social_network()&amp#27;[0m

    Setting header:Content-type=application/json; charset=UTF-8

  &amp#27;[32mAnd &amp#27;[0m&amp#27;[32mI want to post a new message with type header specification&amp#27;[0m                           &amp#27;[90m# StepDefinations.NewPostsbyexistinguser_UpdationPostsDefns.i_want_to_post_a_new_message_with_type_header_specification()&amp#27;[0m

    Creating a POST request with values : body:I am very happy posting in community user ID:1 title:my first post


    Creating a new resource post :1:my first post:I am very happy posting in community

  &amp#27;[32mWhen &amp#27;[0m&amp#27;[32mmy user id &amp#27;[0m&amp#27;[32m&amp#27;[1m1&amp#27;[0m&amp#27;[32m with title &amp#27;[0m&amp#27;[32m&amp#27;[1m"my first post"&amp#27;[0m&amp#27;[32m posts &amp#27;[0m&amp#27;[32m&amp#27;[1m"I am very happy posting in community"&amp#27;[0m &amp#27;[90m# StepDefinations.NewPostsbyexistinguser_UpdationPostsDefns.my_user_id_with_title_posts(java.lang.Integer,java.lang.String,java.lang.String)&amp#27;[0m
{
    "userId": 1,
    "body": "I am very happy posting in community",
    "title": "my first post",
    "id": 101
}

    Retreived response is :{
      "userId": 1,
      "body": "I am very happy posting in community",
      "title": "my first post",
      "id": 101
    }

{
    "userId": 1,
    "body": "I am very happy posting in community",
    "title": "my first post",
    "id": 101
}

    validated the response and is :{
      "userId": 1,
      "body": "I am very happy posting in community",
      "title": "my first post",
      "id": 101
    }

  &amp#27;[32mThen &amp#27;[0m&amp#27;[32mthe response is posted&amp#27;[0m                                                               &amp#27;[90m# StepDefinations.NewPostsbyexistinguser_UpdationPostsDefns.the_response_is_posted()&amp#27;[0m

    New post successfully created and validated, with status code and the postid is :201,101

  &amp#27;[32mAnd &amp#27;[0m&amp#27;[32mI want to verify the log&amp#27;[0m                                                              &amp#27;[90m# StepDefinations.NewPostsbyexistinguser_UpdationPostsDefns.i_want_to_verify_the_log()&amp#27;[0m
This will run after the Scenario
]]></system-out>
  </testcase>
  <testcase name="Example #1.1" classname="Examples" time="0.618">
    <failure message="1 expectation failed.&#10;JSON path id doesn&apos;t match.&#10;Expected: &lt;1&gt;&#10;  Actual: &lt;0&gt;&#10;" type="java.lang.AssertionError"><![CDATA[java.lang.AssertionError: 
1 expectation failed.
JSON path id doesn't match.
Expected: <1>
  Actual: <0>

	at sun.reflect.NativeConstructorAccessorImpl.newInstance0(Native Method)
	at sun.reflect.NativeConstructorAccessorImpl.newInstance(NativeConstructorAccessorImpl.java:62)
	at sun.reflect.DelegatingConstructorAccessorImpl.newInstance(DelegatingConstructorAccessorImpl.java:45)
	at java.lang.reflect.Constructor.newInstance(Constructor.java:423)
	at org.codehaus.groovy.reflection.CachedConstructor.invoke(CachedConstructor.java:73)
	at org.codehaus.groovy.reflection.CachedConstructor.doConstructorInvoke(CachedConstructor.java:60)
	at org.codehaus.groovy.runtime.callsite.ConstructorSite$ConstructorSiteNoUnwrap.callConstructor(ConstructorSite.java:86)
	at org.codehaus.groovy.runtime.callsite.CallSiteArray.defaultCallConstructor(CallSiteArray.java:57)
	at org.codehaus.groovy.runtime.callsite.AbstractCallSite.callConstructor(AbstractCallSite.java:263)
	at org.codehaus.groovy.runtime.callsite.AbstractCallSite.callConstructor(AbstractCallSite.java:277)
	at io.restassured.internal.ResponseSpecificationImpl$HamcrestAssertionClosure.validate(ResponseSpecificationImpl.groovy:512)
	at io.restassured.internal.ResponseSpecificationImpl$HamcrestAssertionClosure$validate$1.call(Unknown Source)
	at io.restassured.internal.ResponseSpecificationImpl.validateResponseIfRequired(ResponseSpecificationImpl.groovy:696)
	at io.restassured.internal.ResponseSpecificationImpl.this$2$validateResponseIfRequired(ResponseSpecificationImpl.groovy)
	at sun.reflect.GeneratedMethodAccessor140.invoke(Unknown Source)
	at sun.reflect.DelegatingMethodAccessorImpl.invoke(DelegatingMethodAccessorImpl.java:43)
	at java.lang.reflect.Method.invoke(Method.java:498)
	at org.codehaus.groovy.runtime.callsite.PlainObjectMetaMethodSite.doInvoke(PlainObjectMetaMethodSite.java:43)
	at org.codehaus.groovy.runtime.callsite.PogoMetaMethodSite$PogoCachedMethodSiteNoUnwrapNoCoerce.invoke(PogoMetaMethodSite.java:198)
	at org.codehaus.groovy.runtime.callsite.PogoMetaMethodSite.callCurrent(PogoMetaMethodSite.java:62)
	at org.codehaus.groovy.runtime.callsite.AbstractCallSite.callCurrent(AbstractCallSite.java:185)
	at io.restassured.internal.ResponseSpecificationImpl.body(ResponseSpecificationImpl.groovy:270)
	at io.restassured.specification.ResponseSpecification$body$0.callCurrent(Unknown Source)
	at io.restassured.internal.ResponseSpecificationImpl.body(ResponseSpecificationImpl.groovy:117)
	at io.restassured.internal.ValidatableResponseOptionsImpl.body(ValidatableResponseOptionsImpl.java:244)
	at StepDefinations.NewPostsbyexistinguser_UpdationPostsDefns.the_response_is_posted(NewPostsbyexistinguser_UpdationPostsDefns.java:95)
	at ✽.the response is posted(file:///Users/hema/eclipse-workspace/SocialNetworkingCommunity/src/main/resources/features/PatchingAnExistingResource.feature:8)
]]></failure>
    <system-out><![CDATA[
Scenario Outline: Updating the message using patching                                                                          &amp#27;[90m# src/main/resources/features/PatchingAnExistingResource.feature:14&amp#27;[0m

    Request to the end point:https://jsonplaceholder.typicode.com/posts

  &amp#27;[32mGiven &amp#27;[0m&amp#27;[32mI am an existing user of the social network&amp#27;[0m                                                                            &amp#27;[90m# StepDefinations.NewPostsbyexistinguser_UpdationPostsDefns.i_am_an_existing_user_of_the_social_network()&amp#27;[0m

    Setting header:Content-type=application/json; charset=UTF-8

  &amp#27;[32mAnd &amp#27;[0m&amp#27;[32mI want to post a new message with type header specification&amp#27;[0m                                                              &amp#27;[90m# StepDefinations.NewPostsbyexistinguser_UpdationPostsDefns.i_want_to_post_a_new_message_with_type_header_specification()&amp#27;[0m
POSTID: get 1
  &amp#27;[32mAnd &amp#27;[0m&amp#27;[32mwhen I get the existing resource values with user id  with title where post id is &amp#27;[0m&amp#27;[32m&amp#27;[1m1&amp#27;[0m                                      &amp#27;[90m# StepDefinations.NewPostsbyexistinguser_UpdationPostsDefns.when_i_get_the_existing_resource_values_with_user_id_with_title_where_post_id_is(java.lang.Integer)&amp#27;[0m
PATCHIND:1

    Creating a PATCH request with values : body:I am very grateful to be see the goodness user ID:1 postID: 1 title:my updated post


    Patching the an existing resource  :1:my updated post:I am very grateful to be see the goodness

  &amp#27;[32mWhen &amp#27;[0m&amp#27;[32mmy user id &amp#27;[0m&amp#27;[32m&amp#27;[1m1&amp#27;[0m&amp#27;[32m with title &amp#27;[0m&amp#27;[32m&amp#27;[1m"my updated post"&amp#27;[0m&amp#27;[32m posts &amp#27;[0m&amp#27;[32m&amp#27;[1m"I am very grateful to be see the goodness"&amp#27;[0m&amp#27;[32m to patch where post id is &amp#27;[0m&amp#27;[32m&amp#27;[1m1&amp#27;[0m &amp#27;[90m# StepDefinations.NewPostsbyexistinguser_UpdationPostsDefns.my_user_id_with_title_posts_to_patch_where_post_id_is(java.lang.Integer,java.lang.String,java.lang.String,java.lang.Integer)&amp#27;[0m
{
    "userId": 0,
    "id": 0,
    "title": null,
    "body": "my updated post"
}

    Retreived response is :{
      "userId": 0,
      "id": 0,
      "title": null,
      "body": "my updated post"
    }

  &amp#27;[31mThen &amp#27;[0m&amp#27;[31mthe response is posted&amp#27;[0m                                                                                                  &amp#27;[90m# StepDefinations.NewPostsbyexistinguser_UpdationPostsDefns.the_response_is_posted()&amp#27;[0m
      &amp#27;[31mjava.lang.AssertionError: 1 expectation failed.
JSON path id doesn't match.
Expected: <1>
  Actual: <0>

	at sun.reflect.NativeConstructorAccessorImpl.newInstance0(Native Method)
	at sun.reflect.NativeConstructorAccessorImpl.newInstance(NativeConstructorAccessorImpl.java:62)
	at sun.reflect.DelegatingConstructorAccessorImpl.newInstance(DelegatingConstructorAccessorImpl.java:45)
	at java.lang.reflect.Constructor.newInstance(Constructor.java:423)
	at org.codehaus.groovy.reflection.CachedConstructor.invoke(CachedConstructor.java:73)
	at org.codehaus.groovy.reflection.CachedConstructor.doConstructorInvoke(CachedConstructor.java:60)
	at org.codehaus.groovy.runtime.callsite.ConstructorSite$ConstructorSiteNoUnwrap.callConstructor(ConstructorSite.java:86)
	at org.codehaus.groovy.runtime.callsite.CallSiteArray.defaultCallConstructor(CallSiteArray.java:57)
	at org.codehaus.groovy.runtime.callsite.AbstractCallSite.callConstructor(AbstractCallSite.java:263)
	at org.codehaus.groovy.runtime.callsite.AbstractCallSite.callConstructor(AbstractCallSite.java:277)
	at io.restassured.internal.ResponseSpecificationImpl$HamcrestAssertionClosure.validate(ResponseSpecificationImpl.groovy:512)
	at io.restassured.internal.ResponseSpecificationImpl$HamcrestAssertionClosure$validate$1.call(Unknown Source)
	at io.restassured.internal.ResponseSpecificationImpl.validateResponseIfRequired(ResponseSpecificationImpl.groovy:696)
	at io.restassured.internal.ResponseSpecificationImpl.this$2$validateResponseIfRequired(ResponseSpecificationImpl.groovy)
	at sun.reflect.GeneratedMethodAccessor140.invoke(Unknown Source)
	at sun.reflect.DelegatingMethodAccessorImpl.invoke(DelegatingMethodAccessorImpl.java:43)
	at java.lang.reflect.Method.invoke(Method.java:498)
	at org.codehaus.groovy.runtime.callsite.PlainObjectMetaMethodSite.doInvoke(PlainObjectMetaMethodSite.java:43)
	at org.codehaus.groovy.runtime.callsite.PogoMetaMethodSite$PogoCachedMethodSiteNoUnwrapNoCoerce.invoke(PogoMetaMethodSite.java:198)
	at org.codehaus.groovy.runtime.callsite.PogoMetaMethodSite.callCurrent(PogoMetaMethodSite.java:62)
	at org.codehaus.groovy.runtime.callsite.AbstractCallSite.callCurrent(AbstractCallSite.java:185)
	at io.restassured.internal.ResponseSpecificationImpl.body(ResponseSpecificationImpl.groovy:270)
	at io.restassured.specification.ResponseSpecification$body$0.callCurrent(Unknown Source)
	at io.restassured.internal.ResponseSpecificationImpl.body(ResponseSpecificationImpl.groovy:117)
	at io.restassured.internal.ValidatableResponseOptionsImpl.body(ValidatableResponseOptionsImpl.java:244)
	at StepDefinations.NewPostsbyexistinguser_UpdationPostsDefns.the_response_is_posted(NewPostsbyexistinguser_UpdationPostsDefns.java:95)
	at ✽.the response is posted(file:///Users/hema/eclipse-workspace/SocialNetworkingCommunity/src/main/resources/features/PatchingAnExistingResource.feature:8)
&amp#27;[0m
  &amp#27;[36mAnd &amp#27;[0m&amp#27;[36mI want to verify the if patch is successful&amp#27;[0m                                                                              &amp#27;[90m# StepDefinations.NewPostsbyexistinguser_UpdationPostsDefns.i_want_to_verify_the_if_patch_is_successful()&amp#27;[0m
This will run after the Scenario
]]></system-out>
  </testcase>
  <testcase name="Example #1.1" classname="Examples" time="0.622">
    <system-out><![CDATA[
Scenario Outline: Updating the message using put                                                                                &amp#27;[90m# src/main/resources/features/UpdatingAnExistingPost.feature:14&amp#27;[0m

    Request to the end point:https://jsonplaceholder.typicode.com/posts

  &amp#27;[32mGiven &amp#27;[0m&amp#27;[32mI am an existing user of the social network&amp#27;[0m                                                                             &amp#27;[90m# StepDefinations.NewPostsbyexistinguser_UpdationPostsDefns.i_am_an_existing_user_of_the_social_network()&amp#27;[0m

    Setting header:Content-type=application/json; charset=UTF-8

  &amp#27;[32mAnd &amp#27;[0m&amp#27;[32mI want to post a new message with type header specification&amp#27;[0m                                                               &amp#27;[90m# StepDefinations.NewPostsbyexistinguser_UpdationPostsDefns.i_want_to_post_a_new_message_with_type_header_specification()&amp#27;[0m
POSTID: get 1
  &amp#27;[32mAnd &amp#27;[0m&amp#27;[32mwhen I get the existing resource values with user id  with title where post id is &amp#27;[0m&amp#27;[32m&amp#27;[1m1&amp#27;[0m                                       &amp#27;[90m# StepDefinations.NewPostsbyexistinguser_UpdationPostsDefns.when_i_get_the_existing_resource_values_with_user_id_with_title_where_post_id_is(java.lang.Integer)&amp#27;[0m

    Creating a PUT request with values : body:I am very grateful to be see the goodness user ID:1 postID: 1 title:my updated post


    Updating an existing resource  resource post :1:my updated post:I am very grateful to be see the goodness

  &amp#27;[32mWhen &amp#27;[0m&amp#27;[32mmy user id &amp#27;[0m&amp#27;[32m&amp#27;[1m1&amp#27;[0m&amp#27;[32m with title &amp#27;[0m&amp#27;[32m&amp#27;[1m"my updated post"&amp#27;[0m&amp#27;[32m posts &amp#27;[0m&amp#27;[32m&amp#27;[1m"I am very grateful to be see the goodness"&amp#27;[0m&amp#27;[32m to update where post id is &amp#27;[0m&amp#27;[32m&amp#27;[1m1&amp#27;[0m &amp#27;[90m# StepDefinations.NewPostsbyexistinguser_UpdationPostsDefns.my_user_id_with_title_posts_to_update_where_post_id_is(java.lang.Integer,java.lang.String,java.lang.String,java.lang.Integer)&amp#27;[0m
{
    "userId": 1,
    "body": "I am very grateful to be see the goodness",
    "title": "my updated post",
    "id": 1
}

    Retreived response is :{
      "userId": 1,
      "body": "I am very grateful to be see the goodness",
      "title": "my updated post",
      "id": 1
    }

{
    "userId": 1,
    "body": "I am very grateful to be see the goodness",
    "title": "my updated post",
    "id": 1
}

    validated the response and is :{
      "userId": 1,
      "body": "I am very grateful to be see the goodness",
      "title": "my updated post",
      "id": 1
    }

  &amp#27;[32mThen &amp#27;[0m&amp#27;[32mthe response is posted&amp#27;[0m                                                                                                   &amp#27;[90m# StepDefinations.NewPostsbyexistinguser_UpdationPostsDefns.the_response_is_posted()&amp#27;[0m

    New post successfully created and validated, with status code and the postid is :200,1

  &amp#27;[32mAnd &amp#27;[0m&amp#27;[32mI want to verify the log&amp#27;[0m                                                                                                  &amp#27;[90m# StepDefinations.NewPostsbyexistinguser_UpdationPostsDefns.i_want_to_verify_the_log()&amp#27;[0m
This will run after the Scenario
]]></system-out>
  </testcase>
  <testcase name="Example #1.1" classname="Examples" time="0.63">
    <system-out><![CDATA[
Scenario Outline: Deleting the post                                                       &amp#27;[90m# src/main/resources/features/DeleteAnExistingPost.feature:14&amp#27;[0m

    Request to the end point:https://jsonplaceholder.typicode.com/posts

  &amp#27;[32mGiven &amp#27;[0m&amp#27;[32mI am an existing user of the social network&amp#27;[0m                                       &amp#27;[90m# StepDefinations.NewPostsbyexistinguser_UpdationPostsDefns.i_am_an_existing_user_of_the_social_network()&amp#27;[0m

    Setting header:Content-type=application/json; charset=UTF-8

  &amp#27;[32mAnd &amp#27;[0m&amp#27;[32mI want to post a new message with type header specification&amp#27;[0m                         &amp#27;[90m# StepDefinations.NewPostsbyexistinguser_UpdationPostsDefns.i_want_to_post_a_new_message_with_type_header_specification()&amp#27;[0m
POSTID: get 1
  &amp#27;[32mAnd &amp#27;[0m&amp#27;[32mwhen I get the existing resource values with user id  with title where post id is &amp#27;[0m&amp#27;[32m&amp#27;[1m1&amp#27;[0m &amp#27;[90m# StepDefinations.NewPostsbyexistinguser_UpdationPostsDefns.when_i_get_the_existing_resource_values_with_user_id_with_title_where_post_id_is(java.lang.Integer)&amp#27;[0m

    Deleting the an existing resource  resource post :1

  &amp#27;[32mWhen &amp#27;[0m&amp#27;[32mdelete where post id is &amp#27;[0m&amp#27;[32m&amp#27;[1m1&amp#27;[0m                                                          &amp#27;[90m# StepDefinations.NewPostsbyexistinguser_UpdationPostsDefns.delete_where_post_id_is(java.lang.Integer)&amp#27;[0m
{
    
}

    Retreived response is :{}

{
    
}

    validated the response and is :{}

  &amp#27;[32mThen &amp#27;[0m&amp#27;[32mthe response is posted&amp#27;[0m                                                             &amp#27;[90m# StepDefinations.NewPostsbyexistinguser_UpdationPostsDefns.the_response_is_posted()&amp#27;[0m
HTTP/1.1 200 OK
Date: Sat, 21 Jan 2023 10:34:02 GMT
Content-Type: application/json; charset=utf-8
Content-Length: 2
Connection: keep-alive
X-Powered-By: Express
X-Ratelimit-Limit: 1000
X-Ratelimit-Remaining: 987
X-Ratelimit-Reset: 1674297253
Vary: Origin, Accept-Encoding
Access-Control-Allow-Credentials: true
Cache-Control: no-cache
Pragma: no-cache
Expires: -1
X-Content-Type-Options: nosniff
Etag: W/"2-vyGp6PvFo4RvsFtPoIWeCReyIC8"
Via: 1.1 vegur
CF-Cache-Status: DYNAMIC
Server-Timing: cf-q-config;dur=5.0000016926788e-06
Report-To: {"endpoints":[{"url":"https:\/\/a.nel.cloudflare.com\/report\/v3?s=ozp%2FRIsyOyox1ECsxsIIMZsaj29Mflub05xYjegmDj%2Fu7i6sQ5I17dlHDKKabEDmDXKoIkKAtHmMosDrRbNvFljVCF9z5WKtyhVQznj5zV3rD6IHyPM%2Fx%2F%2BUi1xI4Cw%2BDoIQ7r2P8GpuJriLyEyY"}],"group":"cf-nel","max_age":604800}
NEL: {"success_fraction":0,"report_to":"cf-nel","max_age":604800}
Server: cloudflare
CF-RAY: 78cf6523ae72bf65-WAW
alt-svc: h3=":443"; ma=86400, h3-29=":443"; ma=86400

{
    
}

    the post is deleted sucessfully with postid :1Response of the body is emptyio.restassured.internal.ValidatableResponseImpl@59918c8f

  &amp#27;[32mAnd &amp#27;[0m&amp#27;[32mI want to verify the post deleted&amp#27;[0m                                                   &amp#27;[90m# StepDefinations.NewPostsbyexistinguser_UpdationPostsDefns.i_want_to_verify_the_post_deleted()&amp#27;[0m
This will run after the Scenario
]]></system-out>
    <system-err><![CDATA[&amp#27;[32m&amp#27;[1m┌───────────────────────────────────────────────────────────────────────────────────┐&amp#27;[0m
&amp#27;[32m&amp#27;[1m│&amp#27;[0m Share your Cucumber Report with your team at &amp#27;[36m&amp#27;[1m&amp#27;[4mhttps://reports.cucumber.io&amp#27;[0m          &amp#27;[32m&amp#27;[1m│&amp#27;[0m
&amp#27;[32m&amp#27;[1m│&amp#27;[0m Activate publishing with one of the following:                                    &amp#27;[32m&amp#27;[1m│&amp#27;[0m
&amp#27;[32m&amp#27;[1m│&amp#27;[0m                                                                                   &amp#27;[32m&amp#27;[1m│&amp#27;[0m
&amp#27;[32m&amp#27;[1m│&amp#27;[0m src/test/resources/cucumber.properties:          &amp#27;[36mcucumber.publish.enabled&amp#27;[0m=&amp#27;[36mtrue&amp#27;[0m    &amp#27;[32m&amp#27;[1m│&amp#27;[0m
&amp#27;[32m&amp#27;[1m│&amp#27;[0m src/test/resources/junit-platform.properties:    &amp#27;[36mcucumber.publish.enabled&amp#27;[0m=&amp#27;[36mtrue&amp#27;[0m    &amp#27;[32m&amp#27;[1m│&amp#27;[0m
&amp#27;[32m&amp#27;[1m│&amp#27;[0m Environment variable:                            &amp#27;[36mCUCUMBER_PUBLISH_ENABLED&amp#27;[0m=&amp#27;[36mtrue&amp#27;[0m    &amp#27;[32m&amp#27;[1m│&amp#27;[0m
&amp#27;[32m&amp#27;[1m│&amp#27;[0m JUnit:                                           &amp#27;[36m@CucumberOptions&amp#27;[0m(publish = &amp#27;[36mtrue&amp#27;[0m) &amp#27;[32m&amp#27;[1m│&amp#27;[0m
&amp#27;[32m&amp#27;[1m│&amp#27;[0m                                                                                   &amp#27;[32m&amp#27;[1m│&amp#27;[0m
&amp#27;[32m&amp#27;[1m│&amp#27;[0m More information at &amp#27;[36mhttps://cucumber.io/docs/cucumber/environment-variables/&amp#27;[0m      &amp#27;[32m&amp#27;[1m│&amp#27;[0m
&amp#27;[32m&amp#27;[1m│&amp#27;[0m                                                                                   &amp#27;[32m&amp#27;[1m│&amp#27;[0m
&amp#27;[32m&amp#27;[1m│&amp#27;[0m Disable this message with one of the following:                                   &amp#27;[32m&amp#27;[1m│&amp#27;[0m
&amp#27;[32m&amp#27;[1m│&amp#27;[0m                                                                                   &amp#27;[32m&amp#27;[1m│&amp#27;[0m
&amp#27;[32m&amp#27;[1m│&amp#27;[0m src/test/resources/cucumber.properties:          &amp#27;[36mcucumber.publish.quiet&amp#27;[0m=&amp#27;[36mtrue&amp#27;[0m      &amp#27;[32m&amp#27;[1m│&amp#27;[0m
&amp#27;[32m&amp#27;[1m│&amp#27;[0m src/test/resources/junit-platform.properties:    &amp#27;[36mcucumber.publish.quiet&amp#27;[0m=&amp#27;[36mtrue&amp#27;[0m      &amp#27;[32m&amp#27;[1m│&amp#27;[0m
&amp#27;[32m&amp#27;[1m└───────────────────────────────────────────────────────────────────────────────────┘&amp#27;[0m
]]></system-err>
  </testcase>
  <testcase name="Example #1.1" classname="Examples" time="0.414">
    <system-out><![CDATA[
Scenario Outline: I want to read the comments based on postid &amp#27;[90m# src/main/resources/features/GetTheComments.feature:13&amp#27;[0m

    End point url of the posts is :https://jsonplaceholder.typicode.com/posts

  &amp#27;[32mGiven &amp#27;[0m&amp#27;[32mI am an user of the social network&amp#27;[0m                    &amp#27;[90m# StepDefinations.ReadingExistngPostDetailsDefns.i_am_an_user_of_the_social_network()&amp#27;[0m
  &amp#27;[32mWhen &amp#27;[0m&amp#27;[32mI can access the posts&amp#27;[0m                                 &amp#27;[90m# StepDefinations.ReadingExistngPostDetailsDefns.i_can_access_the_posts()&amp#27;[0m
  &amp#27;[32mThen &amp#27;[0m&amp#27;[32mI want to get the &amp#27;[0m&amp#27;[32m&amp#27;[1m"comments"&amp#27;[0m&amp#27;[32m &amp#27;[0m&amp#27;[32m&amp#27;[1m1&amp#27;[0m                         &amp#27;[90m# StepDefinations.ReadingExistngPostDetailsDefns.i_want_to_get_the(java.lang.String,java.lang.Integer)&amp#27;[0m

    the fetched comments postid is :1


    the fetched comments size is :5


    the status code is :200

  &amp#27;[32mAnd &amp#27;[0m&amp#27;[32mI want to verify comments&amp#27;[0m                               &amp#27;[90m# StepDefinations.ReadingExistngPostDetailsDefns.i_want_to_verify_comments()&amp#27;[0m
Eliseo@gardner.biz
  &amp#27;[32mAnd &amp#27;[0m&amp#27;[32mverify the details of comments made by userid &amp#27;[0m&amp#27;[32m&amp#27;[1m1&amp#27;[0m         &amp#27;[90m# StepDefinations.ReadingExistngPostDetailsDefns.verify_the_details_of_comments_made_by_userid(java.lang.Integer)&amp#27;[0m
This will run after the Scenario
]]></system-out>
  </testcase>
  <testcase name="Example #1.1" classname="Examples" time="0.432">
    <system-out><![CDATA[
@qa
Scenario Outline: Posting the message                                                       &amp#27;[90m# src/main/resources/features/NewPostByExistingUser.feature:15&amp#27;[0m

    Request to the end point:https://jsonplaceholder.typicode.com/posts

  &amp#27;[32mGiven &amp#27;[0m&amp#27;[32mI am an existing user of the social network&amp#27;[0m                                         &amp#27;[90m# StepDefinations.NewPostsbyexistinguser_UpdationPostsDefns.i_am_an_existing_user_of_the_social_network()&amp#27;[0m

    Setting header:Content-type=application/json; charset=UTF-8

  &amp#27;[32mAnd &amp#27;[0m&amp#27;[32mI want to post a new message with type header specification&amp#27;[0m                           &amp#27;[90m# StepDefinations.NewPostsbyexistinguser_UpdationPostsDefns.i_want_to_post_a_new_message_with_type_header_specification()&amp#27;[0m

    Creating a POST request with values : body:I am very happy posting in community user ID:1 title:my first post


    Creating a new resource post :1:my first post:I am very happy posting in community

  &amp#27;[32mWhen &amp#27;[0m&amp#27;[32mmy user id &amp#27;[0m&amp#27;[32m&amp#27;[1m1&amp#27;[0m&amp#27;[32m with title &amp#27;[0m&amp#27;[32m&amp#27;[1m"my first post"&amp#27;[0m&amp#27;[32m posts &amp#27;[0m&amp#27;[32m&amp#27;[1m"I am very happy posting in community"&amp#27;[0m &amp#27;[90m# StepDefinations.NewPostsbyexistinguser_UpdationPostsDefns.my_user_id_with_title_posts(java.lang.Integer,java.lang.String,java.lang.String)&amp#27;[0m
{
    "userId": 1,
    "body": "I am very happy posting in community",
    "title": "my first post",
    "id": 101
}

    Retreived response is :{
      "userId": 1,
      "body": "I am very happy posting in community",
      "title": "my first post",
      "id": 101
    }

{
    "userId": 1,
    "body": "I am very happy posting in community",
    "title": "my first post",
    "id": 101
}

    validated the response and is :{
      "userId": 1,
      "body": "I am very happy posting in community",
      "title": "my first post",
      "id": 101
    }

  &amp#27;[32mThen &amp#27;[0m&amp#27;[32mthe response is posted&amp#27;[0m                                                               &amp#27;[90m# StepDefinations.NewPostsbyexistinguser_UpdationPostsDefns.the_response_is_posted()&amp#27;[0m

    New post successfully created and validated, with status code and the postid is :201,101

  &amp#27;[32mAnd &amp#27;[0m&amp#27;[32mI want to verify the log&amp#27;[0m                                                              &amp#27;[90m# StepDefinations.NewPostsbyexistinguser_UpdationPostsDefns.i_want_to_verify_the_log()&amp#27;[0m
This will run after the Scenario
]]></system-out>
  </testcase>
  <testcase name="Example #1.1" classname="Examples" time="0.612">
    <failure message="1 expectation failed.&#10;JSON path id doesn&apos;t match.&#10;Expected: &lt;1&gt;&#10;  Actual: &lt;0&gt;&#10;" type="java.lang.AssertionError"><![CDATA[java.lang.AssertionError: 
1 expectation failed.
JSON path id doesn't match.
Expected: <1>
  Actual: <0>

	at sun.reflect.NativeConstructorAccessorImpl.newInstance0(Native Method)
	at sun.reflect.NativeConstructorAccessorImpl.newInstance(NativeConstructorAccessorImpl.java:62)
	at sun.reflect.DelegatingConstructorAccessorImpl.newInstance(DelegatingConstructorAccessorImpl.java:45)
	at java.lang.reflect.Constructor.newInstance(Constructor.java:423)
	at org.codehaus.groovy.reflection.CachedConstructor.invoke(CachedConstructor.java:73)
	at org.codehaus.groovy.reflection.CachedConstructor.doConstructorInvoke(CachedConstructor.java:60)
	at org.codehaus.groovy.runtime.callsite.ConstructorSite$ConstructorSiteNoUnwrap.callConstructor(ConstructorSite.java:86)
	at org.codehaus.groovy.runtime.callsite.AbstractCallSite.callConstructor(AbstractCallSite.java:277)
	at io.restassured.internal.ResponseSpecificationImpl$HamcrestAssertionClosure.validate(ResponseSpecificationImpl.groovy:512)
	at io.restassured.internal.ResponseSpecificationImpl$HamcrestAssertionClosure$validate$1.call(Unknown Source)
	at io.restassured.internal.ResponseSpecificationImpl.validateResponseIfRequired(ResponseSpecificationImpl.groovy:696)
	at io.restassured.internal.ResponseSpecificationImpl.this$2$validateResponseIfRequired(ResponseSpecificationImpl.groovy)
	at sun.reflect.GeneratedMethodAccessor140.invoke(Unknown Source)
	at sun.reflect.DelegatingMethodAccessorImpl.invoke(DelegatingMethodAccessorImpl.java:43)
	at java.lang.reflect.Method.invoke(Method.java:498)
	at org.codehaus.groovy.runtime.callsite.PlainObjectMetaMethodSite.doInvoke(PlainObjectMetaMethodSite.java:43)
	at org.codehaus.groovy.runtime.callsite.PogoMetaMethodSite$PogoCachedMethodSiteNoUnwrapNoCoerce.invoke(PogoMetaMethodSite.java:198)
	at org.codehaus.groovy.runtime.callsite.PogoMetaMethodSite.callCurrent(PogoMetaMethodSite.java:62)
	at org.codehaus.groovy.runtime.callsite.AbstractCallSite.callCurrent(AbstractCallSite.java:185)
	at io.restassured.internal.ResponseSpecificationImpl.body(ResponseSpecificationImpl.groovy:270)
	at io.restassured.specification.ResponseSpecification$body$0.callCurrent(Unknown Source)
	at io.restassured.internal.ResponseSpecificationImpl.body(ResponseSpecificationImpl.groovy:117)
	at io.restassured.internal.ValidatableResponseOptionsImpl.body(ValidatableResponseOptionsImpl.java:244)
	at StepDefinations.NewPostsbyexistinguser_UpdationPostsDefns.the_response_is_posted(NewPostsbyexistinguser_UpdationPostsDefns.java:95)
	at ✽.the response is posted(file:///Users/hema/eclipse-workspace/SocialNetworkingCommunity/src/main/resources/features/PatchingAnExistingResource.feature:8)
]]></failure>
    <system-out><![CDATA[
Scenario Outline: Updating the message using patching                                                                          &amp#27;[90m# src/main/resources/features/PatchingAnExistingResource.feature:14&amp#27;[0m

    Request to the end point:https://jsonplaceholder.typicode.com/posts

  &amp#27;[32mGiven &amp#27;[0m&amp#27;[32mI am an existing user of the social network&amp#27;[0m                                                                            &amp#27;[90m# StepDefinations.NewPostsbyexistinguser_UpdationPostsDefns.i_am_an_existing_user_of_the_social_network()&amp#27;[0m

    Setting header:Content-type=application/json; charset=UTF-8

  &amp#27;[32mAnd &amp#27;[0m&amp#27;[32mI want to post a new message with type header specification&amp#27;[0m                                                              &amp#27;[90m# StepDefinations.NewPostsbyexistinguser_UpdationPostsDefns.i_want_to_post_a_new_message_with_type_header_specification()&amp#27;[0m
POSTID: get 1
  &amp#27;[32mAnd &amp#27;[0m&amp#27;[32mwhen I get the existing resource values with user id  with title where post id is &amp#27;[0m&amp#27;[32m&amp#27;[1m1&amp#27;[0m                                      &amp#27;[90m# StepDefinations.NewPostsbyexistinguser_UpdationPostsDefns.when_i_get_the_existing_resource_values_with_user_id_with_title_where_post_id_is(java.lang.Integer)&amp#27;[0m
PATCHIND:1

    Creating a PATCH request with values : body:I am very grateful to be see the goodness user ID:1 postID: 1 title:my updated post


    Patching the an existing resource  :1:my updated post:I am very grateful to be see the goodness

  &amp#27;[32mWhen &amp#27;[0m&amp#27;[32mmy user id &amp#27;[0m&amp#27;[32m&amp#27;[1m1&amp#27;[0m&amp#27;[32m with title &amp#27;[0m&amp#27;[32m&amp#27;[1m"my updated post"&amp#27;[0m&amp#27;[32m posts &amp#27;[0m&amp#27;[32m&amp#27;[1m"I am very grateful to be see the goodness"&amp#27;[0m&amp#27;[32m to patch where post id is &amp#27;[0m&amp#27;[32m&amp#27;[1m1&amp#27;[0m &amp#27;[90m# StepDefinations.NewPostsbyexistinguser_UpdationPostsDefns.my_user_id_with_title_posts_to_patch_where_post_id_is(java.lang.Integer,java.lang.String,java.lang.String,java.lang.Integer)&amp#27;[0m
{
    "userId": 0,
    "id": 0,
    "title": null,
    "body": "my updated post"
}

    Retreived response is :{
      "userId": 0,
      "id": 0,
      "title": null,
      "body": "my updated post"
    }

  &amp#27;[31mThen &amp#27;[0m&amp#27;[31mthe response is posted&amp#27;[0m                                                                                                  &amp#27;[90m# StepDefinations.NewPostsbyexistinguser_UpdationPostsDefns.the_response_is_posted()&amp#27;[0m
      &amp#27;[31mjava.lang.AssertionError: 1 expectation failed.
JSON path id doesn't match.
Expected: <1>
  Actual: <0>

	at sun.reflect.NativeConstructorAccessorImpl.newInstance0(Native Method)
	at sun.reflect.NativeConstructorAccessorImpl.newInstance(NativeConstructorAccessorImpl.java:62)
	at sun.reflect.DelegatingConstructorAccessorImpl.newInstance(DelegatingConstructorAccessorImpl.java:45)
	at java.lang.reflect.Constructor.newInstance(Constructor.java:423)
	at org.codehaus.groovy.reflection.CachedConstructor.invoke(CachedConstructor.java:73)
	at org.codehaus.groovy.reflection.CachedConstructor.doConstructorInvoke(CachedConstructor.java:60)
	at org.codehaus.groovy.runtime.callsite.ConstructorSite$ConstructorSiteNoUnwrap.callConstructor(ConstructorSite.java:86)
	at org.codehaus.groovy.runtime.callsite.AbstractCallSite.callConstructor(AbstractCallSite.java:277)
	at io.restassured.internal.ResponseSpecificationImpl$HamcrestAssertionClosure.validate(ResponseSpecificationImpl.groovy:512)
	at io.restassured.internal.ResponseSpecificationImpl$HamcrestAssertionClosure$validate$1.call(Unknown Source)
	at io.restassured.internal.ResponseSpecificationImpl.validateResponseIfRequired(ResponseSpecificationImpl.groovy:696)
	at io.restassured.internal.ResponseSpecificationImpl.this$2$validateResponseIfRequired(ResponseSpecificationImpl.groovy)
	at sun.reflect.GeneratedMethodAccessor140.invoke(Unknown Source)
	at sun.reflect.DelegatingMethodAccessorImpl.invoke(DelegatingMethodAccessorImpl.java:43)
	at java.lang.reflect.Method.invoke(Method.java:498)
	at org.codehaus.groovy.runtime.callsite.PlainObjectMetaMethodSite.doInvoke(PlainObjectMetaMethodSite.java:43)
	at org.codehaus.groovy.runtime.callsite.PogoMetaMethodSite$PogoCachedMethodSiteNoUnwrapNoCoerce.invoke(PogoMetaMethodSite.java:198)
	at org.codehaus.groovy.runtime.callsite.PogoMetaMethodSite.callCurrent(PogoMetaMethodSite.java:62)
	at org.codehaus.groovy.runtime.callsite.AbstractCallSite.callCurrent(AbstractCallSite.java:185)
	at io.restassured.internal.ResponseSpecificationImpl.body(ResponseSpecificationImpl.groovy:270)
	at io.restassured.specification.ResponseSpecification$body$0.callCurrent(Unknown Source)
	at io.restassured.internal.ResponseSpecificationImpl.body(ResponseSpecificationImpl.groovy:117)
	at io.restassured.internal.ValidatableResponseOptionsImpl.body(ValidatableResponseOptionsImpl.java:244)
	at StepDefinations.NewPostsbyexistinguser_UpdationPostsDefns.the_response_is_posted(NewPostsbyexistinguser_UpdationPostsDefns.java:95)
	at ✽.the response is posted(file:///Users/hema/eclipse-workspace/SocialNetworkingCommunity/src/main/resources/features/PatchingAnExistingResource.feature:8)
&amp#27;[0m
  &amp#27;[36mAnd &amp#27;[0m&amp#27;[36mI want to verify the if patch is successful&amp#27;[0m                                                                              &amp#27;[90m# StepDefinations.NewPostsbyexistinguser_UpdationPostsDefns.i_want_to_verify_the_if_patch_is_successful()&amp#27;[0m
This will run after the Scenario
]]></system-out>
  </testcase>
  <testcase name="Example #1.1" classname="Examples" time="0.611">
    <system-out><![CDATA[
Scenario Outline: Updating the message using put                                                                                &amp#27;[90m# src/main/resources/features/UpdatingAnExistingPost.feature:14&amp#27;[0m

    Request to the end point:https://jsonplaceholder.typicode.com/posts

  &amp#27;[32mGiven &amp#27;[0m&amp#27;[32mI am an existing user of the social network&amp#27;[0m                                                                             &amp#27;[90m# StepDefinations.NewPostsbyexistinguser_UpdationPostsDefns.i_am_an_existing_user_of_the_social_network()&amp#27;[0m

    Setting header:Content-type=application/json; charset=UTF-8

  &amp#27;[32mAnd &amp#27;[0m&amp#27;[32mI want to post a new message with type header specification&amp#27;[0m                                                               &amp#27;[90m# StepDefinations.NewPostsbyexistinguser_UpdationPostsDefns.i_want_to_post_a_new_message_with_type_header_specification()&amp#27;[0m
POSTID: get 1
  &amp#27;[32mAnd &amp#27;[0m&amp#27;[32mwhen I get the existing resource values with user id  with title where post id is &amp#27;[0m&amp#27;[32m&amp#27;[1m1&amp#27;[0m                                       &amp#27;[90m# StepDefinations.NewPostsbyexistinguser_UpdationPostsDefns.when_i_get_the_existing_resource_values_with_user_id_with_title_where_post_id_is(java.lang.Integer)&amp#27;[0m

    Creating a PUT request with values : body:I am very grateful to be see the goodness user ID:1 postID: 1 title:my updated post


    Updating an existing resource  resource post :1:my updated post:I am very grateful to be see the goodness

  &amp#27;[32mWhen &amp#27;[0m&amp#27;[32mmy user id &amp#27;[0m&amp#27;[32m&amp#27;[1m1&amp#27;[0m&amp#27;[32m with title &amp#27;[0m&amp#27;[32m&amp#27;[1m"my updated post"&amp#27;[0m&amp#27;[32m posts &amp#27;[0m&amp#27;[32m&amp#27;[1m"I am very grateful to be see the goodness"&amp#27;[0m&amp#27;[32m to update where post id is &amp#27;[0m&amp#27;[32m&amp#27;[1m1&amp#27;[0m &amp#27;[90m# StepDefinations.NewPostsbyexistinguser_UpdationPostsDefns.my_user_id_with_title_posts_to_update_where_post_id_is(java.lang.Integer,java.lang.String,java.lang.String,java.lang.Integer)&amp#27;[0m
{
    "userId": 1,
    "body": "I am very grateful to be see the goodness",
    "title": "my updated post",
    "id": 1
}

    Retreived response is :{
      "userId": 1,
      "body": "I am very grateful to be see the goodness",
      "title": "my updated post",
      "id": 1
    }

{
    "userId": 1,
    "body": "I am very grateful to be see the goodness",
    "title": "my updated post",
    "id": 1
}

    validated the response and is :{
      "userId": 1,
      "body": "I am very grateful to be see the goodness",
      "title": "my updated post",
      "id": 1
    }

  &amp#27;[32mThen &amp#27;[0m&amp#27;[32mthe response is posted&amp#27;[0m                                                                                                   &amp#27;[90m# StepDefinations.NewPostsbyexistinguser_UpdationPostsDefns.the_response_is_posted()&amp#27;[0m

    New post successfully created and validated, with status code and the postid is :200,1

  &amp#27;[32mAnd &amp#27;[0m&amp#27;[32mI want to verify the log&amp#27;[0m                                                                                                  &amp#27;[90m# StepDefinations.NewPostsbyexistinguser_UpdationPostsDefns.i_want_to_verify_the_log()&amp#27;[0m
This will run after the Scenario
]]></system-out>
  </testcase>
  <testcase name="Example #1.2" classname="Examples" time="0.767">
    <system-out><![CDATA[
Scenario Outline: Deleting the post                                                       &amp#27;[90m# src/main/resources/features/DeleteAnExistingPost.feature:15&amp#27;[0m

    Request to the end point:https://jsonplaceholder.typicode.com/posts

  &amp#27;[32mGiven &amp#27;[0m&amp#27;[32mI am an existing user of the social network&amp#27;[0m                                       &amp#27;[90m# StepDefinations.NewPostsbyexistinguser_UpdationPostsDefns.i_am_an_existing_user_of_the_social_network()&amp#27;[0m

    Setting header:Content-type=application/json; charset=UTF-8

  &amp#27;[32mAnd &amp#27;[0m&amp#27;[32mI want to post a new message with type header specification&amp#27;[0m                         &amp#27;[90m# StepDefinations.NewPostsbyexistinguser_UpdationPostsDefns.i_want_to_post_a_new_message_with_type_header_specification()&amp#27;[0m
POSTID: get 4
  &amp#27;[32mAnd &amp#27;[0m&amp#27;[32mwhen I get the existing resource values with user id  with title where post id is &amp#27;[0m&amp#27;[32m&amp#27;[1m4&amp#27;[0m &amp#27;[90m# StepDefinations.NewPostsbyexistinguser_UpdationPostsDefns.when_i_get_the_existing_resource_values_with_user_id_with_title_where_post_id_is(java.lang.Integer)&amp#27;[0m

    Deleting the an existing resource  resource post :4

  &amp#27;[32mWhen &amp#27;[0m&amp#27;[32mdelete where post id is &amp#27;[0m&amp#27;[32m&amp#27;[1m4&amp#27;[0m                                                          &amp#27;[90m# StepDefinations.NewPostsbyexistinguser_UpdationPostsDefns.delete_where_post_id_is(java.lang.Integer)&amp#27;[0m
{
    
}

    Retreived response is :{}

{
    
}

    validated the response and is :{}

  &amp#27;[32mThen &amp#27;[0m&amp#27;[32mthe response is posted&amp#27;[0m                                                             &amp#27;[90m# StepDefinations.NewPostsbyexistinguser_UpdationPostsDefns.the_response_is_posted()&amp#27;[0m
HTTP/1.1 200 OK
Date: Sat, 21 Jan 2023 10:33:53 GMT
Content-Type: application/json; charset=utf-8
Content-Length: 2
Connection: keep-alive
X-Powered-By: Express
X-Ratelimit-Limit: 1000
X-Ratelimit-Remaining: 998
X-Ratelimit-Reset: 1674297253
Vary: Origin, Accept-Encoding
Access-Control-Allow-Credentials: true
Cache-Control: no-cache
Pragma: no-cache
Expires: -1
X-Content-Type-Options: nosniff
Etag: W/"2-vyGp6PvFo4RvsFtPoIWeCReyIC8"
Via: 1.1 vegur
CF-Cache-Status: DYNAMIC
Server-Timing: cf-q-config;dur=5.0000016926788e-06
Report-To: {"endpoints":[{"url":"https:\/\/a.nel.cloudflare.com\/report\/v3?s=JVSMQJ7u7IFYa477nLqixmQRdPEw9chHblPoD19zFkTntxaqmZbnPSQkrfeU89ZaHfZ6axnav11lRB3U55VFjNh8K5IBUSpziXmS7mBHND%2FV0rD1fnRUmuIoXKdgIr4fbK0%2BDtyVF4ZIxtR%2BM94R"}],"group":"cf-nel","max_age":604800}
NEL: {"success_fraction":0,"report_to":"cf-nel","max_age":604800}
Server: cloudflare
CF-RAY: 78cf64eb4b72bf3d-WAW
alt-svc: h3=":443"; ma=86400, h3-29=":443"; ma=86400

{
    
}

    the post is deleted sucessfully with postid :4Response of the body is emptyio.restassured.internal.ValidatableResponseImpl@1a1cc163

  &amp#27;[32mAnd &amp#27;[0m&amp#27;[32mI want to verify the post deleted&amp#27;[0m                                                   &amp#27;[90m# StepDefinations.NewPostsbyexistinguser_UpdationPostsDefns.i_want_to_verify_the_post_deleted()&amp#27;[0m
This will run after the Scenario
]]></system-out>
  </testcase>
  <testcase name="Example #1.2" classname="Examples" time="0.477">
    <system-out><![CDATA[
Scenario Outline: I want to read the comments based on postid &amp#27;[90m# src/main/resources/features/GetTheComments.feature:14&amp#27;[0m

    End point url of the posts is :https://jsonplaceholder.typicode.com/posts

  &amp#27;[32mGiven &amp#27;[0m&amp#27;[32mI am an user of the social network&amp#27;[0m                    &amp#27;[90m# StepDefinations.ReadingExistngPostDetailsDefns.i_am_an_user_of_the_social_network()&amp#27;[0m
  &amp#27;[32mWhen &amp#27;[0m&amp#27;[32mI can access the posts&amp#27;[0m                                 &amp#27;[90m# StepDefinations.ReadingExistngPostDetailsDefns.i_can_access_the_posts()&amp#27;[0m
  &amp#27;[32mThen &amp#27;[0m&amp#27;[32mI want to get the &amp#27;[0m&amp#27;[32m&amp#27;[1m"comments"&amp#27;[0m&amp#27;[32m &amp#27;[0m&amp#27;[32m&amp#27;[1m1&amp#27;[0m                         &amp#27;[90m# StepDefinations.ReadingExistngPostDetailsDefns.i_want_to_get_the(java.lang.String,java.lang.Integer)&amp#27;[0m

    the fetched comments postid is :1


    the fetched comments size is :5


    the status code is :200

  &amp#27;[32mAnd &amp#27;[0m&amp#27;[32mI want to verify comments&amp#27;[0m                               &amp#27;[90m# StepDefinations.ReadingExistngPostDetailsDefns.i_want_to_verify_comments()&amp#27;[0m
Jayne_Kuhic@sydney.com
  &amp#27;[32mAnd &amp#27;[0m&amp#27;[32mverify the details of comments made by userid &amp#27;[0m&amp#27;[32m&amp#27;[1m2&amp#27;[0m         &amp#27;[90m# StepDefinations.ReadingExistngPostDetailsDefns.verify_the_details_of_comments_made_by_userid(java.lang.Integer)&amp#27;[0m
This will run after the Scenario
]]></system-out>
  </testcase>
  <testcase name="Example #1.2" classname="Examples" time="0.928">
    <failure message="1 expectation failed.&#10;JSON path id doesn&apos;t match.&#10;Expected: &lt;2&gt;&#10;  Actual: &lt;0&gt;&#10;" type="java.lang.AssertionError"><![CDATA[java.lang.AssertionError: 
1 expectation failed.
JSON path id doesn't match.
Expected: <2>
  Actual: <0>

	at sun.reflect.NativeConstructorAccessorImpl.newInstance0(Native Method)
	at sun.reflect.NativeConstructorAccessorImpl.newInstance(NativeConstructorAccessorImpl.java:62)
	at sun.reflect.DelegatingConstructorAccessorImpl.newInstance(DelegatingConstructorAccessorImpl.java:45)
	at java.lang.reflect.Constructor.newInstance(Constructor.java:423)
	at org.codehaus.groovy.reflection.CachedConstructor.invoke(CachedConstructor.java:73)
	at org.codehaus.groovy.reflection.CachedConstructor.doConstructorInvoke(CachedConstructor.java:60)
	at org.codehaus.groovy.runtime.callsite.ConstructorSite$ConstructorSiteNoUnwrap.callConstructor(ConstructorSite.java:86)
	at org.codehaus.groovy.runtime.callsite.AbstractCallSite.callConstructor(AbstractCallSite.java:277)
	at io.restassured.internal.ResponseSpecificationImpl$HamcrestAssertionClosure.validate(ResponseSpecificationImpl.groovy:512)
	at io.restassured.internal.ResponseSpecificationImpl$HamcrestAssertionClosure$validate$1.call(Unknown Source)
	at io.restassured.internal.ResponseSpecificationImpl.validateResponseIfRequired(ResponseSpecificationImpl.groovy:696)
	at io.restassured.internal.ResponseSpecificationImpl.this$2$validateResponseIfRequired(ResponseSpecificationImpl.groovy)
	at sun.reflect.GeneratedMethodAccessor140.invoke(Unknown Source)
	at sun.reflect.DelegatingMethodAccessorImpl.invoke(DelegatingMethodAccessorImpl.java:43)
	at java.lang.reflect.Method.invoke(Method.java:498)
	at org.codehaus.groovy.runtime.callsite.PlainObjectMetaMethodSite.doInvoke(PlainObjectMetaMethodSite.java:43)
	at org.codehaus.groovy.runtime.callsite.PogoMetaMethodSite$PogoCachedMethodSiteNoUnwrapNoCoerce.invoke(PogoMetaMethodSite.java:198)
	at org.codehaus.groovy.runtime.callsite.PogoMetaMethodSite.callCurrent(PogoMetaMethodSite.java:62)
	at org.codehaus.groovy.runtime.callsite.AbstractCallSite.callCurrent(AbstractCallSite.java:185)
	at io.restassured.internal.ResponseSpecificationImpl.body(ResponseSpecificationImpl.groovy:270)
	at io.restassured.specification.ResponseSpecification$body$0.callCurrent(Unknown Source)
	at io.restassured.internal.ResponseSpecificationImpl.body(ResponseSpecificationImpl.groovy:117)
	at io.restassured.internal.ValidatableResponseOptionsImpl.body(ValidatableResponseOptionsImpl.java:244)
	at StepDefinations.NewPostsbyexistinguser_UpdationPostsDefns.the_response_is_posted(NewPostsbyexistinguser_UpdationPostsDefns.java:95)
	at ✽.the response is posted(file:///Users/hema/eclipse-workspace/SocialNetworkingCommunity/src/main/resources/features/PatchingAnExistingResource.feature:8)
]]></failure>
    <system-out><![CDATA[
Scenario Outline: Updating the message using patching                                                                          &amp#27;[90m# src/main/resources/features/PatchingAnExistingResource.feature:15&amp#27;[0m

    Request to the end point:https://jsonplaceholder.typicode.com/posts

  &amp#27;[32mGiven &amp#27;[0m&amp#27;[32mI am an existing user of the social network&amp#27;[0m                                                                            &amp#27;[90m# StepDefinations.NewPostsbyexistinguser_UpdationPostsDefns.i_am_an_existing_user_of_the_social_network()&amp#27;[0m

    Setting header:Content-type=application/json; charset=UTF-8

  &amp#27;[32mAnd &amp#27;[0m&amp#27;[32mI want to post a new message with type header specification&amp#27;[0m                                                              &amp#27;[90m# StepDefinations.NewPostsbyexistinguser_UpdationPostsDefns.i_want_to_post_a_new_message_with_type_header_specification()&amp#27;[0m
POSTID: get 2
  &amp#27;[32mAnd &amp#27;[0m&amp#27;[32mwhen I get the existing resource values with user id  with title where post id is &amp#27;[0m&amp#27;[32m&amp#27;[1m2&amp#27;[0m                                      &amp#27;[90m# StepDefinations.NewPostsbyexistinguser_UpdationPostsDefns.when_i_get_the_existing_resource_values_with_user_id_with_title_where_post_id_is(java.lang.Integer)&amp#27;[0m
PATCHIND:2

    Creating a PATCH request with values : body:I am very grateful to be see the goodness user ID:1 postID: 2 title:my updated post


    Patching the an existing resource  :1:my updated post:I am very grateful to be see the goodness

  &amp#27;[32mWhen &amp#27;[0m&amp#27;[32mmy user id &amp#27;[0m&amp#27;[32m&amp#27;[1m1&amp#27;[0m&amp#27;[32m with title &amp#27;[0m&amp#27;[32m&amp#27;[1m"my updated post"&amp#27;[0m&amp#27;[32m posts &amp#27;[0m&amp#27;[32m&amp#27;[1m"I am very grateful to be see the goodness"&amp#27;[0m&amp#27;[32m to patch where post id is &amp#27;[0m&amp#27;[32m&amp#27;[1m2&amp#27;[0m &amp#27;[90m# StepDefinations.NewPostsbyexistinguser_UpdationPostsDefns.my_user_id_with_title_posts_to_patch_where_post_id_is(java.lang.Integer,java.lang.String,java.lang.String,java.lang.Integer)&amp#27;[0m
{
    "userId": 0,
    "id": 0,
    "title": null,
    "body": "my updated post"
}

    Retreived response is :{
      "userId": 0,
      "id": 0,
      "title": null,
      "body": "my updated post"
    }

  &amp#27;[31mThen &amp#27;[0m&amp#27;[31mthe response is posted&amp#27;[0m                                                                                                  &amp#27;[90m# StepDefinations.NewPostsbyexistinguser_UpdationPostsDefns.the_response_is_posted()&amp#27;[0m
      &amp#27;[31mjava.lang.AssertionError: 1 expectation failed.
JSON path id doesn't match.
Expected: <2>
  Actual: <0>

	at sun.reflect.NativeConstructorAccessorImpl.newInstance0(Native Method)
	at sun.reflect.NativeConstructorAccessorImpl.newInstance(NativeConstructorAccessorImpl.java:62)
	at sun.reflect.DelegatingConstructorAccessorImpl.newInstance(DelegatingConstructorAccessorImpl.java:45)
	at java.lang.reflect.Constructor.newInstance(Constructor.java:423)
	at org.codehaus.groovy.reflection.CachedConstructor.invoke(CachedConstructor.java:73)
	at org.codehaus.groovy.reflection.CachedConstructor.doConstructorInvoke(CachedConstructor.java:60)
	at org.codehaus.groovy.runtime.callsite.ConstructorSite$ConstructorSiteNoUnwrap.callConstructor(ConstructorSite.java:86)
	at org.codehaus.groovy.runtime.callsite.AbstractCallSite.callConstructor(AbstractCallSite.java:277)
	at io.restassured.internal.ResponseSpecificationImpl$HamcrestAssertionClosure.validate(ResponseSpecificationImpl.groovy:512)
	at io.restassured.internal.ResponseSpecificationImpl$HamcrestAssertionClosure$validate$1.call(Unknown Source)
	at io.restassured.internal.ResponseSpecificationImpl.validateResponseIfRequired(ResponseSpecificationImpl.groovy:696)
	at io.restassured.internal.ResponseSpecificationImpl.this$2$validateResponseIfRequired(ResponseSpecificationImpl.groovy)
	at sun.reflect.GeneratedMethodAccessor140.invoke(Unknown Source)
	at sun.reflect.DelegatingMethodAccessorImpl.invoke(DelegatingMethodAccessorImpl.java:43)
	at java.lang.reflect.Method.invoke(Method.java:498)
	at org.codehaus.groovy.runtime.callsite.PlainObjectMetaMethodSite.doInvoke(PlainObjectMetaMethodSite.java:43)
	at org.codehaus.groovy.runtime.callsite.PogoMetaMethodSite$PogoCachedMethodSiteNoUnwrapNoCoerce.invoke(PogoMetaMethodSite.java:198)
	at org.codehaus.groovy.runtime.callsite.PogoMetaMethodSite.callCurrent(PogoMetaMethodSite.java:62)
	at org.codehaus.groovy.runtime.callsite.AbstractCallSite.callCurrent(AbstractCallSite.java:185)
	at io.restassured.internal.ResponseSpecificationImpl.body(ResponseSpecificationImpl.groovy:270)
	at io.restassured.specification.ResponseSpecification$body$0.callCurrent(Unknown Source)
	at io.restassured.internal.ResponseSpecificationImpl.body(ResponseSpecificationImpl.groovy:117)
	at io.restassured.internal.ValidatableResponseOptionsImpl.body(ValidatableResponseOptionsImpl.java:244)
	at StepDefinations.NewPostsbyexistinguser_UpdationPostsDefns.the_response_is_posted(NewPostsbyexistinguser_UpdationPostsDefns.java:95)
	at ✽.the response is posted(file:///Users/hema/eclipse-workspace/SocialNetworkingCommunity/src/main/resources/features/PatchingAnExistingResource.feature:8)
&amp#27;[0m
  &amp#27;[36mAnd &amp#27;[0m&amp#27;[36mI want to verify the if patch is successful&amp#27;[0m                                                                              &amp#27;[90m# StepDefinations.NewPostsbyexistinguser_UpdationPostsDefns.i_want_to_verify_the_if_patch_is_successful()&amp#27;[0m
This will run after the Scenario
]]></system-out>
  </testcase>
  <testcase name="Example #1.2" classname="Examples" time="0.621">
    <system-out><![CDATA[
Scenario Outline: Updating the message using put                                                                                &amp#27;[90m# src/main/resources/features/UpdatingAnExistingPost.feature:15&amp#27;[0m

    Request to the end point:https://jsonplaceholder.typicode.com/posts

  &amp#27;[32mGiven &amp#27;[0m&amp#27;[32mI am an existing user of the social network&amp#27;[0m                                                                             &amp#27;[90m# StepDefinations.NewPostsbyexistinguser_UpdationPostsDefns.i_am_an_existing_user_of_the_social_network()&amp#27;[0m

    Setting header:Content-type=application/json; charset=UTF-8

  &amp#27;[32mAnd &amp#27;[0m&amp#27;[32mI want to post a new message with type header specification&amp#27;[0m                                                               &amp#27;[90m# StepDefinations.NewPostsbyexistinguser_UpdationPostsDefns.i_want_to_post_a_new_message_with_type_header_specification()&amp#27;[0m
POSTID: get 1
  &amp#27;[32mAnd &amp#27;[0m&amp#27;[32mwhen I get the existing resource values with user id  with title where post id is &amp#27;[0m&amp#27;[32m&amp#27;[1m1&amp#27;[0m                                       &amp#27;[90m# StepDefinations.NewPostsbyexistinguser_UpdationPostsDefns.when_i_get_the_existing_resource_values_with_user_id_with_title_where_post_id_is(java.lang.Integer)&amp#27;[0m

    Creating a PUT request with values : body:I am very grateful to be see the goodness user ID:2 postID: 1 title:my updated post


    Updating an existing resource  resource post :2:my updated post:I am very grateful to be see the goodness

  &amp#27;[32mWhen &amp#27;[0m&amp#27;[32mmy user id &amp#27;[0m&amp#27;[32m&amp#27;[1m2&amp#27;[0m&amp#27;[32m with title &amp#27;[0m&amp#27;[32m&amp#27;[1m"my updated post"&amp#27;[0m&amp#27;[32m posts &amp#27;[0m&amp#27;[32m&amp#27;[1m"I am very grateful to be see the goodness"&amp#27;[0m&amp#27;[32m to update where post id is &amp#27;[0m&amp#27;[32m&amp#27;[1m1&amp#27;[0m &amp#27;[90m# StepDefinations.NewPostsbyexistinguser_UpdationPostsDefns.my_user_id_with_title_posts_to_update_where_post_id_is(java.lang.Integer,java.lang.String,java.lang.String,java.lang.Integer)&amp#27;[0m
{
    "userId": 2,
    "body": "I am very grateful to be see the goodness",
    "title": "my updated post",
    "id": 1
}

    Retreived response is :{
      "userId": 2,
      "body": "I am very grateful to be see the goodness",
      "title": "my updated post",
      "id": 1
    }

{
    "userId": 2,
    "body": "I am very grateful to be see the goodness",
    "title": "my updated post",
    "id": 1
}

    validated the response and is :{
      "userId": 2,
      "body": "I am very grateful to be see the goodness",
      "title": "my updated post",
      "id": 1
    }

  &amp#27;[32mThen &amp#27;[0m&amp#27;[32mthe response is posted&amp#27;[0m                                                                                                   &amp#27;[90m# StepDefinations.NewPostsbyexistinguser_UpdationPostsDefns.the_response_is_posted()&amp#27;[0m

    New post successfully created and validated, with status code and the postid is :200,1

  &amp#27;[32mAnd &amp#27;[0m&amp#27;[32mI want to verify the log&amp#27;[0m                                                                                                  &amp#27;[90m# StepDefinations.NewPostsbyexistinguser_UpdationPostsDefns.i_want_to_verify_the_log()&amp#27;[0m
This will run after the Scenario
]]></system-out>
  </testcase>
  <testcase name="Example #1.2" classname="Examples" time="0.668">
    <system-out><![CDATA[
Scenario Outline: Deleting the post                                                       &amp#27;[90m# src/main/resources/features/DeleteAnExistingPost.feature:15&amp#27;[0m

    Request to the end point:https://jsonplaceholder.typicode.com/posts

  &amp#27;[32mGiven &amp#27;[0m&amp#27;[32mI am an existing user of the social network&amp#27;[0m                                       &amp#27;[90m# StepDefinations.NewPostsbyexistinguser_UpdationPostsDefns.i_am_an_existing_user_of_the_social_network()&amp#27;[0m

    Setting header:Content-type=application/json; charset=UTF-8

  &amp#27;[32mAnd &amp#27;[0m&amp#27;[32mI want to post a new message with type header specification&amp#27;[0m                         &amp#27;[90m# StepDefinations.NewPostsbyexistinguser_UpdationPostsDefns.i_want_to_post_a_new_message_with_type_header_specification()&amp#27;[0m
POSTID: get 4
  &amp#27;[32mAnd &amp#27;[0m&amp#27;[32mwhen I get the existing resource values with user id  with title where post id is &amp#27;[0m&amp#27;[32m&amp#27;[1m4&amp#27;[0m &amp#27;[90m# StepDefinations.NewPostsbyexistinguser_UpdationPostsDefns.when_i_get_the_existing_resource_values_with_user_id_with_title_where_post_id_is(java.lang.Integer)&amp#27;[0m

    Deleting the an existing resource  resource post :4

  &amp#27;[32mWhen &amp#27;[0m&amp#27;[32mdelete where post id is &amp#27;[0m&amp#27;[32m&amp#27;[1m4&amp#27;[0m                                                          &amp#27;[90m# StepDefinations.NewPostsbyexistinguser_UpdationPostsDefns.delete_where_post_id_is(java.lang.Integer)&amp#27;[0m
{
    
}

    Retreived response is :{}

{
    
}

    validated the response and is :{}

  &amp#27;[32mThen &amp#27;[0m&amp#27;[32mthe response is posted&amp#27;[0m                                                             &amp#27;[90m# StepDefinations.NewPostsbyexistinguser_UpdationPostsDefns.the_response_is_posted()&amp#27;[0m
HTTP/1.1 200 OK
Date: Sat, 21 Jan 2023 10:34:03 GMT
Content-Type: application/json; charset=utf-8
Content-Length: 2
Connection: keep-alive
X-Powered-By: Express
X-Ratelimit-Limit: 1000
X-Ratelimit-Remaining: 986
X-Ratelimit-Reset: 1674297253
Vary: Origin, Accept-Encoding
Access-Control-Allow-Credentials: true
Cache-Control: no-cache
Pragma: no-cache
Expires: -1
X-Content-Type-Options: nosniff
Etag: W/"2-vyGp6PvFo4RvsFtPoIWeCReyIC8"
Via: 1.1 vegur
CF-Cache-Status: DYNAMIC
Server-Timing: cf-q-config;dur=6.0000020312145e-06
Report-To: {"endpoints":[{"url":"https:\/\/a.nel.cloudflare.com\/report\/v3?s=YlSFzB2K8W%2B4Yxrpaj9CfyFg1DUKp9ClV5Vz8ar4yfn1p3J5ebpCHZA6InBysAnQ3X1SbIzOpBN9mZ64qka1VSxA2eHcwvhtjPb%2FHdVUq7jRd6SgQ%2BlKOz45Wxd3QzfQitJ3mXTHqCp1twc7GAeI"}],"group":"cf-nel","max_age":604800}
NEL: {"success_fraction":0,"report_to":"cf-nel","max_age":604800}
Server: cloudflare
CF-RAY: 78cf65276d88bf4e-WAW
alt-svc: h3=":443"; ma=86400, h3-29=":443"; ma=86400

{
    
}

    the post is deleted sucessfully with postid :4Response of the body is emptyio.restassured.internal.ValidatableResponseImpl@b01cb8d

  &amp#27;[32mAnd &amp#27;[0m&amp#27;[32mI want to verify the post deleted&amp#27;[0m                                                   &amp#27;[90m# StepDefinations.NewPostsbyexistinguser_UpdationPostsDefns.i_want_to_verify_the_post_deleted()&amp#27;[0m
This will run after the Scenario
]]></system-out>
  </testcase>
  <testcase name="Example #1.2" classname="Examples" time="0.475">
    <system-out><![CDATA[
Scenario Outline: I want to read the comments based on postid &amp#27;[90m# src/main/resources/features/GetTheComments.feature:14&amp#27;[0m

    End point url of the posts is :https://jsonplaceholder.typicode.com/posts

  &amp#27;[32mGiven &amp#27;[0m&amp#27;[32mI am an user of the social network&amp#27;[0m                    &amp#27;[90m# StepDefinations.ReadingExistngPostDetailsDefns.i_am_an_user_of_the_social_network()&amp#27;[0m
  &amp#27;[32mWhen &amp#27;[0m&amp#27;[32mI can access the posts&amp#27;[0m                                 &amp#27;[90m# StepDefinations.ReadingExistngPostDetailsDefns.i_can_access_the_posts()&amp#27;[0m
  &amp#27;[32mThen &amp#27;[0m&amp#27;[32mI want to get the &amp#27;[0m&amp#27;[32m&amp#27;[1m"comments"&amp#27;[0m&amp#27;[32m &amp#27;[0m&amp#27;[32m&amp#27;[1m1&amp#27;[0m                         &amp#27;[90m# StepDefinations.ReadingExistngPostDetailsDefns.i_want_to_get_the(java.lang.String,java.lang.Integer)&amp#27;[0m

    the fetched comments postid is :1


    the fetched comments size is :5


    the status code is :200

  &amp#27;[32mAnd &amp#27;[0m&amp#27;[32mI want to verify comments&amp#27;[0m                               &amp#27;[90m# StepDefinations.ReadingExistngPostDetailsDefns.i_want_to_verify_comments()&amp#27;[0m
Jayne_Kuhic@sydney.com
  &amp#27;[32mAnd &amp#27;[0m&amp#27;[32mverify the details of comments made by userid &amp#27;[0m&amp#27;[32m&amp#27;[1m2&amp#27;[0m         &amp#27;[90m# StepDefinations.ReadingExistngPostDetailsDefns.verify_the_details_of_comments_made_by_userid(java.lang.Integer)&amp#27;[0m
This will run after the Scenario
]]></system-out>
  </testcase>
  <testcase name="Example #1.2" classname="Examples" time="0.569">
    <failure message="1 expectation failed.&#10;JSON path id doesn&apos;t match.&#10;Expected: &lt;2&gt;&#10;  Actual: &lt;0&gt;&#10;" type="java.lang.AssertionError"><![CDATA[java.lang.AssertionError: 
1 expectation failed.
JSON path id doesn't match.
Expected: <2>
  Actual: <0>

	at sun.reflect.NativeConstructorAccessorImpl.newInstance0(Native Method)
	at sun.reflect.NativeConstructorAccessorImpl.newInstance(NativeConstructorAccessorImpl.java:62)
	at sun.reflect.DelegatingConstructorAccessorImpl.newInstance(DelegatingConstructorAccessorImpl.java:45)
	at java.lang.reflect.Constructor.newInstance(Constructor.java:423)
	at org.codehaus.groovy.reflection.CachedConstructor.invoke(CachedConstructor.java:73)
	at org.codehaus.groovy.reflection.CachedConstructor.doConstructorInvoke(CachedConstructor.java:60)
	at org.codehaus.groovy.runtime.callsite.ConstructorSite$ConstructorSiteNoUnwrap.callConstructor(ConstructorSite.java:86)
	at org.codehaus.groovy.runtime.callsite.AbstractCallSite.callConstructor(AbstractCallSite.java:277)
	at io.restassured.internal.ResponseSpecificationImpl$HamcrestAssertionClosure.validate(ResponseSpecificationImpl.groovy:512)
	at io.restassured.internal.ResponseSpecificationImpl$HamcrestAssertionClosure$validate$1.call(Unknown Source)
	at io.restassured.internal.ResponseSpecificationImpl.validateResponseIfRequired(ResponseSpecificationImpl.groovy:696)
	at io.restassured.internal.ResponseSpecificationImpl.this$2$validateResponseIfRequired(ResponseSpecificationImpl.groovy)
	at sun.reflect.GeneratedMethodAccessor140.invoke(Unknown Source)
	at sun.reflect.DelegatingMethodAccessorImpl.invoke(DelegatingMethodAccessorImpl.java:43)
	at java.lang.reflect.Method.invoke(Method.java:498)
	at org.codehaus.groovy.runtime.callsite.PlainObjectMetaMethodSite.doInvoke(PlainObjectMetaMethodSite.java:43)
	at org.codehaus.groovy.runtime.callsite.PogoMetaMethodSite$PogoCachedMethodSiteNoUnwrapNoCoerce.invoke(PogoMetaMethodSite.java:198)
	at org.codehaus.groovy.runtime.callsite.PogoMetaMethodSite.callCurrent(PogoMetaMethodSite.java:62)
	at org.codehaus.groovy.runtime.callsite.AbstractCallSite.callCurrent(AbstractCallSite.java:185)
	at io.restassured.internal.ResponseSpecificationImpl.body(ResponseSpecificationImpl.groovy:270)
	at io.restassured.specification.ResponseSpecification$body$0.callCurrent(Unknown Source)
	at io.restassured.internal.ResponseSpecificationImpl.body(ResponseSpecificationImpl.groovy:117)
	at io.restassured.internal.ValidatableResponseOptionsImpl.body(ValidatableResponseOptionsImpl.java:244)
	at StepDefinations.NewPostsbyexistinguser_UpdationPostsDefns.the_response_is_posted(NewPostsbyexistinguser_UpdationPostsDefns.java:95)
	at ✽.the response is posted(file:///Users/hema/eclipse-workspace/SocialNetworkingCommunity/src/main/resources/features/PatchingAnExistingResource.feature:8)
]]></failure>
    <system-out><![CDATA[
Scenario Outline: Updating the message using patching                                                                          &amp#27;[90m# src/main/resources/features/PatchingAnExistingResource.feature:15&amp#27;[0m

    Request to the end point:https://jsonplaceholder.typicode.com/posts

  &amp#27;[32mGiven &amp#27;[0m&amp#27;[32mI am an existing user of the social network&amp#27;[0m                                                                            &amp#27;[90m# StepDefinations.NewPostsbyexistinguser_UpdationPostsDefns.i_am_an_existing_user_of_the_social_network()&amp#27;[0m

    Setting header:Content-type=application/json; charset=UTF-8

  &amp#27;[32mAnd &amp#27;[0m&amp#27;[32mI want to post a new message with type header specification&amp#27;[0m                                                              &amp#27;[90m# StepDefinations.NewPostsbyexistinguser_UpdationPostsDefns.i_want_to_post_a_new_message_with_type_header_specification()&amp#27;[0m
POSTID: get 2
  &amp#27;[32mAnd &amp#27;[0m&amp#27;[32mwhen I get the existing resource values with user id  with title where post id is &amp#27;[0m&amp#27;[32m&amp#27;[1m2&amp#27;[0m                                      &amp#27;[90m# StepDefinations.NewPostsbyexistinguser_UpdationPostsDefns.when_i_get_the_existing_resource_values_with_user_id_with_title_where_post_id_is(java.lang.Integer)&amp#27;[0m
PATCHIND:2

    Creating a PATCH request with values : body:I am very grateful to be see the goodness user ID:1 postID: 2 title:my updated post


    Patching the an existing resource  :1:my updated post:I am very grateful to be see the goodness

  &amp#27;[32mWhen &amp#27;[0m&amp#27;[32mmy user id &amp#27;[0m&amp#27;[32m&amp#27;[1m1&amp#27;[0m&amp#27;[32m with title &amp#27;[0m&amp#27;[32m&amp#27;[1m"my updated post"&amp#27;[0m&amp#27;[32m posts &amp#27;[0m&amp#27;[32m&amp#27;[1m"I am very grateful to be see the goodness"&amp#27;[0m&amp#27;[32m to patch where post id is &amp#27;[0m&amp#27;[32m&amp#27;[1m2&amp#27;[0m &amp#27;[90m# StepDefinations.NewPostsbyexistinguser_UpdationPostsDefns.my_user_id_with_title_posts_to_patch_where_post_id_is(java.lang.Integer,java.lang.String,java.lang.String,java.lang.Integer)&amp#27;[0m
{
    "userId": 0,
    "id": 0,
    "title": null,
    "body": "my updated post"
}

    Retreived response is :{
      "userId": 0,
      "id": 0,
      "title": null,
      "body": "my updated post"
    }

  &amp#27;[31mThen &amp#27;[0m&amp#27;[31mthe response is posted&amp#27;[0m                                                                                                  &amp#27;[90m# StepDefinations.NewPostsbyexistinguser_UpdationPostsDefns.the_response_is_posted()&amp#27;[0m
      &amp#27;[31mjava.lang.AssertionError: 1 expectation failed.
JSON path id doesn't match.
Expected: <2>
  Actual: <0>

	at sun.reflect.NativeConstructorAccessorImpl.newInstance0(Native Method)
	at sun.reflect.NativeConstructorAccessorImpl.newInstance(NativeConstructorAccessorImpl.java:62)
	at sun.reflect.DelegatingConstructorAccessorImpl.newInstance(DelegatingConstructorAccessorImpl.java:45)
	at java.lang.reflect.Constructor.newInstance(Constructor.java:423)
	at org.codehaus.groovy.reflection.CachedConstructor.invoke(CachedConstructor.java:73)
	at org.codehaus.groovy.reflection.CachedConstructor.doConstructorInvoke(CachedConstructor.java:60)
	at org.codehaus.groovy.runtime.callsite.ConstructorSite$ConstructorSiteNoUnwrap.callConstructor(ConstructorSite.java:86)
	at org.codehaus.groovy.runtime.callsite.AbstractCallSite.callConstructor(AbstractCallSite.java:277)
	at io.restassured.internal.ResponseSpecificationImpl$HamcrestAssertionClosure.validate(ResponseSpecificationImpl.groovy:512)
	at io.restassured.internal.ResponseSpecificationImpl$HamcrestAssertionClosure$validate$1.call(Unknown Source)
	at io.restassured.internal.ResponseSpecificationImpl.validateResponseIfRequired(ResponseSpecificationImpl.groovy:696)
	at io.restassured.internal.ResponseSpecificationImpl.this$2$validateResponseIfRequired(ResponseSpecificationImpl.groovy)
	at sun.reflect.GeneratedMethodAccessor140.invoke(Unknown Source)
	at sun.reflect.DelegatingMethodAccessorImpl.invoke(DelegatingMethodAccessorImpl.java:43)
	at java.lang.reflect.Method.invoke(Method.java:498)
	at org.codehaus.groovy.runtime.callsite.PlainObjectMetaMethodSite.doInvoke(PlainObjectMetaMethodSite.java:43)
	at org.codehaus.groovy.runtime.callsite.PogoMetaMethodSite$PogoCachedMethodSiteNoUnwrapNoCoerce.invoke(PogoMetaMethodSite.java:198)
	at org.codehaus.groovy.runtime.callsite.PogoMetaMethodSite.callCurrent(PogoMetaMethodSite.java:62)
	at org.codehaus.groovy.runtime.callsite.AbstractCallSite.callCurrent(AbstractCallSite.java:185)
	at io.restassured.internal.ResponseSpecificationImpl.body(ResponseSpecificationImpl.groovy:270)
	at io.restassured.specification.ResponseSpecification$body$0.callCurrent(Unknown Source)
	at io.restassured.internal.ResponseSpecificationImpl.body(ResponseSpecificationImpl.groovy:117)
	at io.restassured.internal.ValidatableResponseOptionsImpl.body(ValidatableResponseOptionsImpl.java:244)
	at StepDefinations.NewPostsbyexistinguser_UpdationPostsDefns.the_response_is_posted(NewPostsbyexistinguser_UpdationPostsDefns.java:95)
	at ✽.the response is posted(file:///Users/hema/eclipse-workspace/SocialNetworkingCommunity/src/main/resources/features/PatchingAnExistingResource.feature:8)
&amp#27;[0m
  &amp#27;[36mAnd &amp#27;[0m&amp#27;[36mI want to verify the if patch is successful&amp#27;[0m                                                                              &amp#27;[90m# StepDefinations.NewPostsbyexistinguser_UpdationPostsDefns.i_want_to_verify_the_if_patch_is_successful()&amp#27;[0m
This will run after the Scenario
]]></system-out>
  </testcase>
  <testcase name="Example #1.2" classname="Examples" time="0.604">
    <system-out><![CDATA[
Scenario Outline: Updating the message using put                                                                                &amp#27;[90m# src/main/resources/features/UpdatingAnExistingPost.feature:15&amp#27;[0m

    Request to the end point:https://jsonplaceholder.typicode.com/posts

  &amp#27;[32mGiven &amp#27;[0m&amp#27;[32mI am an existing user of the social network&amp#27;[0m                                                                             &amp#27;[90m# StepDefinations.NewPostsbyexistinguser_UpdationPostsDefns.i_am_an_existing_user_of_the_social_network()&amp#27;[0m

    Setting header:Content-type=application/json; charset=UTF-8

  &amp#27;[32mAnd &amp#27;[0m&amp#27;[32mI want to post a new message with type header specification&amp#27;[0m                                                               &amp#27;[90m# StepDefinations.NewPostsbyexistinguser_UpdationPostsDefns.i_want_to_post_a_new_message_with_type_header_specification()&amp#27;[0m
POSTID: get 1
  &amp#27;[32mAnd &amp#27;[0m&amp#27;[32mwhen I get the existing resource values with user id  with title where post id is &amp#27;[0m&amp#27;[32m&amp#27;[1m1&amp#27;[0m                                       &amp#27;[90m# StepDefinations.NewPostsbyexistinguser_UpdationPostsDefns.when_i_get_the_existing_resource_values_with_user_id_with_title_where_post_id_is(java.lang.Integer)&amp#27;[0m

    Creating a PUT request with values : body:I am very grateful to be see the goodness user ID:2 postID: 1 title:my updated post


    Updating an existing resource  resource post :2:my updated post:I am very grateful to be see the goodness

  &amp#27;[32mWhen &amp#27;[0m&amp#27;[32mmy user id &amp#27;[0m&amp#27;[32m&amp#27;[1m2&amp#27;[0m&amp#27;[32m with title &amp#27;[0m&amp#27;[32m&amp#27;[1m"my updated post"&amp#27;[0m&amp#27;[32m posts &amp#27;[0m&amp#27;[32m&amp#27;[1m"I am very grateful to be see the goodness"&amp#27;[0m&amp#27;[32m to update where post id is &amp#27;[0m&amp#27;[32m&amp#27;[1m1&amp#27;[0m &amp#27;[90m# StepDefinations.NewPostsbyexistinguser_UpdationPostsDefns.my_user_id_with_title_posts_to_update_where_post_id_is(java.lang.Integer,java.lang.String,java.lang.String,java.lang.Integer)&amp#27;[0m
{
    "userId": 2,
    "body": "I am very grateful to be see the goodness",
    "title": "my updated post",
    "id": 1
}

    Retreived response is :{
      "userId": 2,
      "body": "I am very grateful to be see the goodness",
      "title": "my updated post",
      "id": 1
    }

{
    "userId": 2,
    "body": "I am very grateful to be see the goodness",
    "title": "my updated post",
    "id": 1
}

    validated the response and is :{
      "userId": 2,
      "body": "I am very grateful to be see the goodness",
      "title": "my updated post",
      "id": 1
    }

  &amp#27;[32mThen &amp#27;[0m&amp#27;[32mthe response is posted&amp#27;[0m                                                                                                   &amp#27;[90m# StepDefinations.NewPostsbyexistinguser_UpdationPostsDefns.the_response_is_posted()&amp#27;[0m

    New post successfully created and validated, with status code and the postid is :200,1

  &amp#27;[32mAnd &amp#27;[0m&amp#27;[32mI want to verify the log&amp#27;[0m                                                                                                  &amp#27;[90m# StepDefinations.NewPostsbyexistinguser_UpdationPostsDefns.i_want_to_verify_the_log()&amp#27;[0m
This will run after the Scenario
]]></system-out>
  </testcase>
  <testcase name="Example #1.3" classname="Examples" time="0.683">
    <system-out><![CDATA[
Scenario Outline: Deleting the post                                                       &amp#27;[90m# src/main/resources/features/DeleteAnExistingPost.feature:16&amp#27;[0m

    Request to the end point:https://jsonplaceholder.typicode.com/posts

  &amp#27;[32mGiven &amp#27;[0m&amp#27;[32mI am an existing user of the social network&amp#27;[0m                                       &amp#27;[90m# StepDefinations.NewPostsbyexistinguser_UpdationPostsDefns.i_am_an_existing_user_of_the_social_network()&amp#27;[0m

    Setting header:Content-type=application/json; charset=UTF-8

  &amp#27;[32mAnd &amp#27;[0m&amp#27;[32mI want to post a new message with type header specification&amp#27;[0m                         &amp#27;[90m# StepDefinations.NewPostsbyexistinguser_UpdationPostsDefns.i_want_to_post_a_new_message_with_type_header_specification()&amp#27;[0m
POSTID: get 2
  &amp#27;[32mAnd &amp#27;[0m&amp#27;[32mwhen I get the existing resource values with user id  with title where post id is &amp#27;[0m&amp#27;[32m&amp#27;[1m2&amp#27;[0m &amp#27;[90m# StepDefinations.NewPostsbyexistinguser_UpdationPostsDefns.when_i_get_the_existing_resource_values_with_user_id_with_title_where_post_id_is(java.lang.Integer)&amp#27;[0m

    Deleting the an existing resource  resource post :2

  &amp#27;[32mWhen &amp#27;[0m&amp#27;[32mdelete where post id is &amp#27;[0m&amp#27;[32m&amp#27;[1m2&amp#27;[0m                                                          &amp#27;[90m# StepDefinations.NewPostsbyexistinguser_UpdationPostsDefns.delete_where_post_id_is(java.lang.Integer)&amp#27;[0m
{
    
}

    Retreived response is :{}

{
    
}

    validated the response and is :{}

  &amp#27;[32mThen &amp#27;[0m&amp#27;[32mthe response is posted&amp#27;[0m                                                             &amp#27;[90m# StepDefinations.NewPostsbyexistinguser_UpdationPostsDefns.the_response_is_posted()&amp#27;[0m
HTTP/1.1 200 OK
Date: Sat, 21 Jan 2023 10:33:54 GMT
Content-Type: application/json; charset=utf-8
Content-Length: 2
Connection: keep-alive
X-Powered-By: Express
X-Ratelimit-Limit: 1000
X-Ratelimit-Remaining: 997
X-Ratelimit-Reset: 1674297253
Vary: Origin, Accept-Encoding
Access-Control-Allow-Credentials: true
Cache-Control: no-cache
Pragma: no-cache
Expires: -1
X-Content-Type-Options: nosniff
Etag: W/"2-vyGp6PvFo4RvsFtPoIWeCReyIC8"
Via: 1.1 vegur
CF-Cache-Status: DYNAMIC
Server-Timing: cf-q-config;dur=4.9999998736894e-06
Report-To: {"endpoints":[{"url":"https:\/\/a.nel.cloudflare.com\/report\/v3?s=tXr8xdNUPquO2dumk1p0VO1sc8SSVpPVnyKSiIS8JATJ2RtXUTQwKkibR3d9Kb2w6nxRzRiTAMeeesFvmnpH%2FDVuge9AJ%2BUGkXTCa%2B0Y%2Bu3y%2FBXlDd5E%2FDIA761QfVmll4LJ%2FH2eLQtl4COgh2lj"}],"group":"cf-nel","max_age":604800}
NEL: {"success_fraction":0,"report_to":"cf-nel","max_age":604800}
Server: cloudflare
CF-RAY: 78cf64efd828c017-WAW
alt-svc: h3=":443"; ma=86400, h3-29=":443"; ma=86400

{
    
}

    the post is deleted sucessfully with postid :2Response of the body is emptyio.restassured.internal.ValidatableResponseImpl@78422efb

  &amp#27;[32mAnd &amp#27;[0m&amp#27;[32mI want to verify the post deleted&amp#27;[0m                                                   &amp#27;[90m# StepDefinations.NewPostsbyexistinguser_UpdationPostsDefns.i_want_to_verify_the_post_deleted()&amp#27;[0m
This will run after the Scenario
]]></system-out>
  </testcase>
  <testcase name="Example #1.3" classname="Examples" time="0.597">
    <failure message="1 expectation failed.&#10;JSON path id doesn&apos;t match.&#10;Expected: &lt;3&gt;&#10;  Actual: &lt;0&gt;&#10;" type="java.lang.AssertionError"><![CDATA[java.lang.AssertionError: 
1 expectation failed.
JSON path id doesn't match.
Expected: <3>
  Actual: <0>

	at sun.reflect.NativeConstructorAccessorImpl.newInstance0(Native Method)
	at sun.reflect.NativeConstructorAccessorImpl.newInstance(NativeConstructorAccessorImpl.java:62)
	at sun.reflect.DelegatingConstructorAccessorImpl.newInstance(DelegatingConstructorAccessorImpl.java:45)
	at java.lang.reflect.Constructor.newInstance(Constructor.java:423)
	at org.codehaus.groovy.reflection.CachedConstructor.invoke(CachedConstructor.java:73)
	at org.codehaus.groovy.reflection.CachedConstructor.doConstructorInvoke(CachedConstructor.java:60)
	at org.codehaus.groovy.runtime.callsite.ConstructorSite$ConstructorSiteNoUnwrap.callConstructor(ConstructorSite.java:86)
	at org.codehaus.groovy.runtime.callsite.AbstractCallSite.callConstructor(AbstractCallSite.java:277)
	at io.restassured.internal.ResponseSpecificationImpl$HamcrestAssertionClosure.validate(ResponseSpecificationImpl.groovy:512)
	at io.restassured.internal.ResponseSpecificationImpl$HamcrestAssertionClosure$validate$1.call(Unknown Source)
	at io.restassured.internal.ResponseSpecificationImpl.validateResponseIfRequired(ResponseSpecificationImpl.groovy:696)
	at io.restassured.internal.ResponseSpecificationImpl.this$2$validateResponseIfRequired(ResponseSpecificationImpl.groovy)
	at sun.reflect.GeneratedMethodAccessor140.invoke(Unknown Source)
	at sun.reflect.DelegatingMethodAccessorImpl.invoke(DelegatingMethodAccessorImpl.java:43)
	at java.lang.reflect.Method.invoke(Method.java:498)
	at org.codehaus.groovy.runtime.callsite.PlainObjectMetaMethodSite.doInvoke(PlainObjectMetaMethodSite.java:43)
	at org.codehaus.groovy.runtime.callsite.PogoMetaMethodSite$PogoCachedMethodSiteNoUnwrapNoCoerce.invoke(PogoMetaMethodSite.java:198)
	at org.codehaus.groovy.runtime.callsite.PogoMetaMethodSite.callCurrent(PogoMetaMethodSite.java:62)
	at org.codehaus.groovy.runtime.callsite.AbstractCallSite.callCurrent(AbstractCallSite.java:185)
	at io.restassured.internal.ResponseSpecificationImpl.body(ResponseSpecificationImpl.groovy:270)
	at io.restassured.specification.ResponseSpecification$body$0.callCurrent(Unknown Source)
	at io.restassured.internal.ResponseSpecificationImpl.body(ResponseSpecificationImpl.groovy:117)
	at io.restassured.internal.ValidatableResponseOptionsImpl.body(ValidatableResponseOptionsImpl.java:244)
	at StepDefinations.NewPostsbyexistinguser_UpdationPostsDefns.the_response_is_posted(NewPostsbyexistinguser_UpdationPostsDefns.java:95)
	at ✽.the response is posted(file:///Users/hema/eclipse-workspace/SocialNetworkingCommunity/src/main/resources/features/PatchingAnExistingResource.feature:8)
]]></failure>
    <system-out><![CDATA[
Scenario Outline: Updating the message using patching                                                                          &amp#27;[90m# src/main/resources/features/PatchingAnExistingResource.feature:16&amp#27;[0m

    Request to the end point:https://jsonplaceholder.typicode.com/posts

  &amp#27;[32mGiven &amp#27;[0m&amp#27;[32mI am an existing user of the social network&amp#27;[0m                                                                            &amp#27;[90m# StepDefinations.NewPostsbyexistinguser_UpdationPostsDefns.i_am_an_existing_user_of_the_social_network()&amp#27;[0m

    Setting header:Content-type=application/json; charset=UTF-8

  &amp#27;[32mAnd &amp#27;[0m&amp#27;[32mI want to post a new message with type header specification&amp#27;[0m                                                              &amp#27;[90m# StepDefinations.NewPostsbyexistinguser_UpdationPostsDefns.i_want_to_post_a_new_message_with_type_header_specification()&amp#27;[0m
POSTID: get 3
  &amp#27;[32mAnd &amp#27;[0m&amp#27;[32mwhen I get the existing resource values with user id  with title where post id is &amp#27;[0m&amp#27;[32m&amp#27;[1m3&amp#27;[0m                                      &amp#27;[90m# StepDefinations.NewPostsbyexistinguser_UpdationPostsDefns.when_i_get_the_existing_resource_values_with_user_id_with_title_where_post_id_is(java.lang.Integer)&amp#27;[0m
PATCHIND:3

    Creating a PATCH request with values : body:I am very grateful to be see the goodness user ID:1 postID: 3 title:my updated post


    Patching the an existing resource  :1:my updated post:I am very grateful to be see the goodness

  &amp#27;[32mWhen &amp#27;[0m&amp#27;[32mmy user id &amp#27;[0m&amp#27;[32m&amp#27;[1m1&amp#27;[0m&amp#27;[32m with title &amp#27;[0m&amp#27;[32m&amp#27;[1m"my updated post"&amp#27;[0m&amp#27;[32m posts &amp#27;[0m&amp#27;[32m&amp#27;[1m"I am very grateful to be see the goodness"&amp#27;[0m&amp#27;[32m to patch where post id is &amp#27;[0m&amp#27;[32m&amp#27;[1m3&amp#27;[0m &amp#27;[90m# StepDefinations.NewPostsbyexistinguser_UpdationPostsDefns.my_user_id_with_title_posts_to_patch_where_post_id_is(java.lang.Integer,java.lang.String,java.lang.String,java.lang.Integer)&amp#27;[0m
{
    "userId": 0,
    "id": 0,
    "title": null,
    "body": "my updated post"
}

    Retreived response is :{
      "userId": 0,
      "id": 0,
      "title": null,
      "body": "my updated post"
    }

  &amp#27;[31mThen &amp#27;[0m&amp#27;[31mthe response is posted&amp#27;[0m                                                                                                  &amp#27;[90m# StepDefinations.NewPostsbyexistinguser_UpdationPostsDefns.the_response_is_posted()&amp#27;[0m
      &amp#27;[31mjava.lang.AssertionError: 1 expectation failed.
JSON path id doesn't match.
Expected: <3>
  Actual: <0>

	at sun.reflect.NativeConstructorAccessorImpl.newInstance0(Native Method)
	at sun.reflect.NativeConstructorAccessorImpl.newInstance(NativeConstructorAccessorImpl.java:62)
	at sun.reflect.DelegatingConstructorAccessorImpl.newInstance(DelegatingConstructorAccessorImpl.java:45)
	at java.lang.reflect.Constructor.newInstance(Constructor.java:423)
	at org.codehaus.groovy.reflection.CachedConstructor.invoke(CachedConstructor.java:73)
	at org.codehaus.groovy.reflection.CachedConstructor.doConstructorInvoke(CachedConstructor.java:60)
	at org.codehaus.groovy.runtime.callsite.ConstructorSite$ConstructorSiteNoUnwrap.callConstructor(ConstructorSite.java:86)
	at org.codehaus.groovy.runtime.callsite.AbstractCallSite.callConstructor(AbstractCallSite.java:277)
	at io.restassured.internal.ResponseSpecificationImpl$HamcrestAssertionClosure.validate(ResponseSpecificationImpl.groovy:512)
	at io.restassured.internal.ResponseSpecificationImpl$HamcrestAssertionClosure$validate$1.call(Unknown Source)
	at io.restassured.internal.ResponseSpecificationImpl.validateResponseIfRequired(ResponseSpecificationImpl.groovy:696)
	at io.restassured.internal.ResponseSpecificationImpl.this$2$validateResponseIfRequired(ResponseSpecificationImpl.groovy)
	at sun.reflect.GeneratedMethodAccessor140.invoke(Unknown Source)
	at sun.reflect.DelegatingMethodAccessorImpl.invoke(DelegatingMethodAccessorImpl.java:43)
	at java.lang.reflect.Method.invoke(Method.java:498)
	at org.codehaus.groovy.runtime.callsite.PlainObjectMetaMethodSite.doInvoke(PlainObjectMetaMethodSite.java:43)
	at org.codehaus.groovy.runtime.callsite.PogoMetaMethodSite$PogoCachedMethodSiteNoUnwrapNoCoerce.invoke(PogoMetaMethodSite.java:198)
	at org.codehaus.groovy.runtime.callsite.PogoMetaMethodSite.callCurrent(PogoMetaMethodSite.java:62)
	at org.codehaus.groovy.runtime.callsite.AbstractCallSite.callCurrent(AbstractCallSite.java:185)
	at io.restassured.internal.ResponseSpecificationImpl.body(ResponseSpecificationImpl.groovy:270)
	at io.restassured.specification.ResponseSpecification$body$0.callCurrent(Unknown Source)
	at io.restassured.internal.ResponseSpecificationImpl.body(ResponseSpecificationImpl.groovy:117)
	at io.restassured.internal.ValidatableResponseOptionsImpl.body(ValidatableResponseOptionsImpl.java:244)
	at StepDefinations.NewPostsbyexistinguser_UpdationPostsDefns.the_response_is_posted(NewPostsbyexistinguser_UpdationPostsDefns.java:95)
	at ✽.the response is posted(file:///Users/hema/eclipse-workspace/SocialNetworkingCommunity/src/main/resources/features/PatchingAnExistingResource.feature:8)
&amp#27;[0m
  &amp#27;[36mAnd &amp#27;[0m&amp#27;[36mI want to verify the if patch is successful&amp#27;[0m                                                                              &amp#27;[90m# StepDefinations.NewPostsbyexistinguser_UpdationPostsDefns.i_want_to_verify_the_if_patch_is_successful()&amp#27;[0m
This will run after the Scenario
]]></system-out>
  </testcase>
  <testcase name="Example #1.3" classname="Examples" time="0.632">
    <system-out><![CDATA[
Scenario Outline: Updating the message using put                                                                                &amp#27;[90m# src/main/resources/features/UpdatingAnExistingPost.feature:16&amp#27;[0m

    Request to the end point:https://jsonplaceholder.typicode.com/posts

  &amp#27;[32mGiven &amp#27;[0m&amp#27;[32mI am an existing user of the social network&amp#27;[0m                                                                             &amp#27;[90m# StepDefinations.NewPostsbyexistinguser_UpdationPostsDefns.i_am_an_existing_user_of_the_social_network()&amp#27;[0m

    Setting header:Content-type=application/json; charset=UTF-8

  &amp#27;[32mAnd &amp#27;[0m&amp#27;[32mI want to post a new message with type header specification&amp#27;[0m                                                               &amp#27;[90m# StepDefinations.NewPostsbyexistinguser_UpdationPostsDefns.i_want_to_post_a_new_message_with_type_header_specification()&amp#27;[0m
POSTID: get 2
  &amp#27;[32mAnd &amp#27;[0m&amp#27;[32mwhen I get the existing resource values with user id  with title where post id is &amp#27;[0m&amp#27;[32m&amp#27;[1m2&amp#27;[0m                                       &amp#27;[90m# StepDefinations.NewPostsbyexistinguser_UpdationPostsDefns.when_i_get_the_existing_resource_values_with_user_id_with_title_where_post_id_is(java.lang.Integer)&amp#27;[0m

    Creating a PUT request with values : body:I am very grateful to be see the goodness user ID:2 postID: 2 title:my updated post


    Updating an existing resource  resource post :2:my updated post:I am very grateful to be see the goodness

  &amp#27;[32mWhen &amp#27;[0m&amp#27;[32mmy user id &amp#27;[0m&amp#27;[32m&amp#27;[1m2&amp#27;[0m&amp#27;[32m with title &amp#27;[0m&amp#27;[32m&amp#27;[1m"my updated post"&amp#27;[0m&amp#27;[32m posts &amp#27;[0m&amp#27;[32m&amp#27;[1m"I am very grateful to be see the goodness"&amp#27;[0m&amp#27;[32m to update where post id is &amp#27;[0m&amp#27;[32m&amp#27;[1m2&amp#27;[0m &amp#27;[90m# StepDefinations.NewPostsbyexistinguser_UpdationPostsDefns.my_user_id_with_title_posts_to_update_where_post_id_is(java.lang.Integer,java.lang.String,java.lang.String,java.lang.Integer)&amp#27;[0m
{
    "userId": 2,
    "body": "I am very grateful to be see the goodness",
    "title": "my updated post",
    "id": 2
}

    Retreived response is :{
      "userId": 2,
      "body": "I am very grateful to be see the goodness",
      "title": "my updated post",
      "id": 2
    }

{
    "userId": 2,
    "body": "I am very grateful to be see the goodness",
    "title": "my updated post",
    "id": 2
}

    validated the response and is :{
      "userId": 2,
      "body": "I am very grateful to be see the goodness",
      "title": "my updated post",
      "id": 2
    }

  &amp#27;[32mThen &amp#27;[0m&amp#27;[32mthe response is posted&amp#27;[0m                                                                                                   &amp#27;[90m# StepDefinations.NewPostsbyexistinguser_UpdationPostsDefns.the_response_is_posted()&amp#27;[0m

    New post successfully created and validated, with status code and the postid is :200,2

  &amp#27;[32mAnd &amp#27;[0m&amp#27;[32mI want to verify the log&amp#27;[0m                                                                                                  &amp#27;[90m# StepDefinations.NewPostsbyexistinguser_UpdationPostsDefns.i_want_to_verify_the_log()&amp#27;[0m
This will run after the Scenario
]]></system-out>
  </testcase>
  <testcase name="Example #1.3" classname="Examples" time="0.627">
    <system-out><![CDATA[
Scenario Outline: Deleting the post                                                       &amp#27;[90m# src/main/resources/features/DeleteAnExistingPost.feature:16&amp#27;[0m

    Request to the end point:https://jsonplaceholder.typicode.com/posts

  &amp#27;[32mGiven &amp#27;[0m&amp#27;[32mI am an existing user of the social network&amp#27;[0m                                       &amp#27;[90m# StepDefinations.NewPostsbyexistinguser_UpdationPostsDefns.i_am_an_existing_user_of_the_social_network()&amp#27;[0m

    Setting header:Content-type=application/json; charset=UTF-8

  &amp#27;[32mAnd &amp#27;[0m&amp#27;[32mI want to post a new message with type header specification&amp#27;[0m                         &amp#27;[90m# StepDefinations.NewPostsbyexistinguser_UpdationPostsDefns.i_want_to_post_a_new_message_with_type_header_specification()&amp#27;[0m
POSTID: get 2
  &amp#27;[32mAnd &amp#27;[0m&amp#27;[32mwhen I get the existing resource values with user id  with title where post id is &amp#27;[0m&amp#27;[32m&amp#27;[1m2&amp#27;[0m &amp#27;[90m# StepDefinations.NewPostsbyexistinguser_UpdationPostsDefns.when_i_get_the_existing_resource_values_with_user_id_with_title_where_post_id_is(java.lang.Integer)&amp#27;[0m

    Deleting the an existing resource  resource post :2

  &amp#27;[32mWhen &amp#27;[0m&amp#27;[32mdelete where post id is &amp#27;[0m&amp#27;[32m&amp#27;[1m2&amp#27;[0m                                                          &amp#27;[90m# StepDefinations.NewPostsbyexistinguser_UpdationPostsDefns.delete_where_post_id_is(java.lang.Integer)&amp#27;[0m
{
    
}

    Retreived response is :{}

{
    
}

    validated the response and is :{}

  &amp#27;[32mThen &amp#27;[0m&amp#27;[32mthe response is posted&amp#27;[0m                                                             &amp#27;[90m# StepDefinations.NewPostsbyexistinguser_UpdationPostsDefns.the_response_is_posted()&amp#27;[0m
HTTP/1.1 200 OK
Date: Sat, 21 Jan 2023 10:34:03 GMT
Content-Type: application/json; charset=utf-8
Content-Length: 2
Connection: keep-alive
X-Powered-By: Express
X-Ratelimit-Limit: 1000
X-Ratelimit-Remaining: 985
X-Ratelimit-Reset: 1674297253
Vary: Origin, Accept-Encoding
Access-Control-Allow-Credentials: true
Cache-Control: no-cache
Pragma: no-cache
Expires: -1
X-Content-Type-Options: nosniff
Etag: W/"2-vyGp6PvFo4RvsFtPoIWeCReyIC8"
Via: 1.1 vegur
CF-Cache-Status: DYNAMIC
Server-Timing: cf-q-config;dur=5.9999983932357e-06
Report-To: {"endpoints":[{"url":"https:\/\/a.nel.cloudflare.com\/report\/v3?s=OtBQMirY48vc%2F1FmebPcTRmLAiinylOkDQlrVfsdHinptoopWhxZDwxPc3t%2BpfCDOmKjKy%2Fy8IPcV8UPS2Vhm5F5wsqGQOz54QBh7ik7KqO7UN2O9tpBxiW41X7K3JwQV%2FVZ2jtHwqIbLPVLGnt8"}],"group":"cf-nel","max_age":604800}
NEL: {"success_fraction":0,"report_to":"cf-nel","max_age":604800}
Server: cloudflare
CF-RAY: 78cf652bab21f2e0-WAW
alt-svc: h3=":443"; ma=86400, h3-29=":443"; ma=86400

{
    
}

    the post is deleted sucessfully with postid :2Response of the body is emptyio.restassured.internal.ValidatableResponseImpl@1f7e52d1

  &amp#27;[32mAnd &amp#27;[0m&amp#27;[32mI want to verify the post deleted&amp#27;[0m                                                   &amp#27;[90m# StepDefinations.NewPostsbyexistinguser_UpdationPostsDefns.i_want_to_verify_the_post_deleted()&amp#27;[0m
This will run after the Scenario
]]></system-out>
  </testcase>
  <testcase name="Example #1.3" classname="Examples" time="0.577">
    <failure message="1 expectation failed.&#10;JSON path id doesn&apos;t match.&#10;Expected: &lt;3&gt;&#10;  Actual: &lt;0&gt;&#10;" type="java.lang.AssertionError"><![CDATA[java.lang.AssertionError: 
1 expectation failed.
JSON path id doesn't match.
Expected: <3>
  Actual: <0>

	at sun.reflect.NativeConstructorAccessorImpl.newInstance0(Native Method)
	at sun.reflect.NativeConstructorAccessorImpl.newInstance(NativeConstructorAccessorImpl.java:62)
	at sun.reflect.DelegatingConstructorAccessorImpl.newInstance(DelegatingConstructorAccessorImpl.java:45)
	at java.lang.reflect.Constructor.newInstance(Constructor.java:423)
	at org.codehaus.groovy.reflection.CachedConstructor.invoke(CachedConstructor.java:73)
	at org.codehaus.groovy.reflection.CachedConstructor.doConstructorInvoke(CachedConstructor.java:60)
	at org.codehaus.groovy.runtime.callsite.ConstructorSite$ConstructorSiteNoUnwrap.callConstructor(ConstructorSite.java:86)
	at org.codehaus.groovy.runtime.callsite.AbstractCallSite.callConstructor(AbstractCallSite.java:277)
	at io.restassured.internal.ResponseSpecificationImpl$HamcrestAssertionClosure.validate(ResponseSpecificationImpl.groovy:512)
	at io.restassured.internal.ResponseSpecificationImpl$HamcrestAssertionClosure$validate$1.call(Unknown Source)
	at io.restassured.internal.ResponseSpecificationImpl.validateResponseIfRequired(ResponseSpecificationImpl.groovy:696)
	at io.restassured.internal.ResponseSpecificationImpl.this$2$validateResponseIfRequired(ResponseSpecificationImpl.groovy)
	at sun.reflect.GeneratedMethodAccessor140.invoke(Unknown Source)
	at sun.reflect.DelegatingMethodAccessorImpl.invoke(DelegatingMethodAccessorImpl.java:43)
	at java.lang.reflect.Method.invoke(Method.java:498)
	at org.codehaus.groovy.runtime.callsite.PlainObjectMetaMethodSite.doInvoke(PlainObjectMetaMethodSite.java:43)
	at org.codehaus.groovy.runtime.callsite.PogoMetaMethodSite$PogoCachedMethodSiteNoUnwrapNoCoerce.invoke(PogoMetaMethodSite.java:198)
	at org.codehaus.groovy.runtime.callsite.PogoMetaMethodSite.callCurrent(PogoMetaMethodSite.java:62)
	at org.codehaus.groovy.runtime.callsite.AbstractCallSite.callCurrent(AbstractCallSite.java:185)
	at io.restassured.internal.ResponseSpecificationImpl.body(ResponseSpecificationImpl.groovy:270)
	at io.restassured.specification.ResponseSpecification$body$0.callCurrent(Unknown Source)
	at io.restassured.internal.ResponseSpecificationImpl.body(ResponseSpecificationImpl.groovy:117)
	at io.restassured.internal.ValidatableResponseOptionsImpl.body(ValidatableResponseOptionsImpl.java:244)
	at StepDefinations.NewPostsbyexistinguser_UpdationPostsDefns.the_response_is_posted(NewPostsbyexistinguser_UpdationPostsDefns.java:95)
	at ✽.the response is posted(file:///Users/hema/eclipse-workspace/SocialNetworkingCommunity/src/main/resources/features/PatchingAnExistingResource.feature:8)
]]></failure>
    <system-out><![CDATA[
Scenario Outline: Updating the message using patching                                                                          &amp#27;[90m# src/main/resources/features/PatchingAnExistingResource.feature:16&amp#27;[0m

    Request to the end point:https://jsonplaceholder.typicode.com/posts

  &amp#27;[32mGiven &amp#27;[0m&amp#27;[32mI am an existing user of the social network&amp#27;[0m                                                                            &amp#27;[90m# StepDefinations.NewPostsbyexistinguser_UpdationPostsDefns.i_am_an_existing_user_of_the_social_network()&amp#27;[0m

    Setting header:Content-type=application/json; charset=UTF-8

  &amp#27;[32mAnd &amp#27;[0m&amp#27;[32mI want to post a new message with type header specification&amp#27;[0m                                                              &amp#27;[90m# StepDefinations.NewPostsbyexistinguser_UpdationPostsDefns.i_want_to_post_a_new_message_with_type_header_specification()&amp#27;[0m
POSTID: get 3
  &amp#27;[32mAnd &amp#27;[0m&amp#27;[32mwhen I get the existing resource values with user id  with title where post id is &amp#27;[0m&amp#27;[32m&amp#27;[1m3&amp#27;[0m                                      &amp#27;[90m# StepDefinations.NewPostsbyexistinguser_UpdationPostsDefns.when_i_get_the_existing_resource_values_with_user_id_with_title_where_post_id_is(java.lang.Integer)&amp#27;[0m
PATCHIND:3

    Creating a PATCH request with values : body:I am very grateful to be see the goodness user ID:1 postID: 3 title:my updated post


    Patching the an existing resource  :1:my updated post:I am very grateful to be see the goodness

  &amp#27;[32mWhen &amp#27;[0m&amp#27;[32mmy user id &amp#27;[0m&amp#27;[32m&amp#27;[1m1&amp#27;[0m&amp#27;[32m with title &amp#27;[0m&amp#27;[32m&amp#27;[1m"my updated post"&amp#27;[0m&amp#27;[32m posts &amp#27;[0m&amp#27;[32m&amp#27;[1m"I am very grateful to be see the goodness"&amp#27;[0m&amp#27;[32m to patch where post id is &amp#27;[0m&amp#27;[32m&amp#27;[1m3&amp#27;[0m &amp#27;[90m# StepDefinations.NewPostsbyexistinguser_UpdationPostsDefns.my_user_id_with_title_posts_to_patch_where_post_id_is(java.lang.Integer,java.lang.String,java.lang.String,java.lang.Integer)&amp#27;[0m
{
    "userId": 0,
    "id": 0,
    "title": null,
    "body": "my updated post"
}

    Retreived response is :{
      "userId": 0,
      "id": 0,
      "title": null,
      "body": "my updated post"
    }

  &amp#27;[31mThen &amp#27;[0m&amp#27;[31mthe response is posted&amp#27;[0m                                                                                                  &amp#27;[90m# StepDefinations.NewPostsbyexistinguser_UpdationPostsDefns.the_response_is_posted()&amp#27;[0m
      &amp#27;[31mjava.lang.AssertionError: 1 expectation failed.
JSON path id doesn't match.
Expected: <3>
  Actual: <0>

	at sun.reflect.NativeConstructorAccessorImpl.newInstance0(Native Method)
	at sun.reflect.NativeConstructorAccessorImpl.newInstance(NativeConstructorAccessorImpl.java:62)
	at sun.reflect.DelegatingConstructorAccessorImpl.newInstance(DelegatingConstructorAccessorImpl.java:45)
	at java.lang.reflect.Constructor.newInstance(Constructor.java:423)
	at org.codehaus.groovy.reflection.CachedConstructor.invoke(CachedConstructor.java:73)
	at org.codehaus.groovy.reflection.CachedConstructor.doConstructorInvoke(CachedConstructor.java:60)
	at org.codehaus.groovy.runtime.callsite.ConstructorSite$ConstructorSiteNoUnwrap.callConstructor(ConstructorSite.java:86)
	at org.codehaus.groovy.runtime.callsite.AbstractCallSite.callConstructor(AbstractCallSite.java:277)
	at io.restassured.internal.ResponseSpecificationImpl$HamcrestAssertionClosure.validate(ResponseSpecificationImpl.groovy:512)
	at io.restassured.internal.ResponseSpecificationImpl$HamcrestAssertionClosure$validate$1.call(Unknown Source)
	at io.restassured.internal.ResponseSpecificationImpl.validateResponseIfRequired(ResponseSpecificationImpl.groovy:696)
	at io.restassured.internal.ResponseSpecificationImpl.this$2$validateResponseIfRequired(ResponseSpecificationImpl.groovy)
	at sun.reflect.GeneratedMethodAccessor140.invoke(Unknown Source)
	at sun.reflect.DelegatingMethodAccessorImpl.invoke(DelegatingMethodAccessorImpl.java:43)
	at java.lang.reflect.Method.invoke(Method.java:498)
	at org.codehaus.groovy.runtime.callsite.PlainObjectMetaMethodSite.doInvoke(PlainObjectMetaMethodSite.java:43)
	at org.codehaus.groovy.runtime.callsite.PogoMetaMethodSite$PogoCachedMethodSiteNoUnwrapNoCoerce.invoke(PogoMetaMethodSite.java:198)
	at org.codehaus.groovy.runtime.callsite.PogoMetaMethodSite.callCurrent(PogoMetaMethodSite.java:62)
	at org.codehaus.groovy.runtime.callsite.AbstractCallSite.callCurrent(AbstractCallSite.java:185)
	at io.restassured.internal.ResponseSpecificationImpl.body(ResponseSpecificationImpl.groovy:270)
	at io.restassured.specification.ResponseSpecification$body$0.callCurrent(Unknown Source)
	at io.restassured.internal.ResponseSpecificationImpl.body(ResponseSpecificationImpl.groovy:117)
	at io.restassured.internal.ValidatableResponseOptionsImpl.body(ValidatableResponseOptionsImpl.java:244)
	at StepDefinations.NewPostsbyexistinguser_UpdationPostsDefns.the_response_is_posted(NewPostsbyexistinguser_UpdationPostsDefns.java:95)
	at ✽.the response is posted(file:///Users/hema/eclipse-workspace/SocialNetworkingCommunity/src/main/resources/features/PatchingAnExistingResource.feature:8)
&amp#27;[0m
  &amp#27;[36mAnd &amp#27;[0m&amp#27;[36mI want to verify the if patch is successful&amp#27;[0m                                                                              &amp#27;[90m# StepDefinations.NewPostsbyexistinguser_UpdationPostsDefns.i_want_to_verify_the_if_patch_is_successful()&amp#27;[0m
This will run after the Scenario
]]></system-out>
  </testcase>
  <testcase name="Example #1.3" classname="Examples" time="0.597">
    <system-out><![CDATA[
Scenario Outline: Updating the message using put                                                                                &amp#27;[90m# src/main/resources/features/UpdatingAnExistingPost.feature:16&amp#27;[0m

    Request to the end point:https://jsonplaceholder.typicode.com/posts

  &amp#27;[32mGiven &amp#27;[0m&amp#27;[32mI am an existing user of the social network&amp#27;[0m                                                                             &amp#27;[90m# StepDefinations.NewPostsbyexistinguser_UpdationPostsDefns.i_am_an_existing_user_of_the_social_network()&amp#27;[0m

    Setting header:Content-type=application/json; charset=UTF-8

  &amp#27;[32mAnd &amp#27;[0m&amp#27;[32mI want to post a new message with type header specification&amp#27;[0m                                                               &amp#27;[90m# StepDefinations.NewPostsbyexistinguser_UpdationPostsDefns.i_want_to_post_a_new_message_with_type_header_specification()&amp#27;[0m
POSTID: get 2
  &amp#27;[32mAnd &amp#27;[0m&amp#27;[32mwhen I get the existing resource values with user id  with title where post id is &amp#27;[0m&amp#27;[32m&amp#27;[1m2&amp#27;[0m                                       &amp#27;[90m# StepDefinations.NewPostsbyexistinguser_UpdationPostsDefns.when_i_get_the_existing_resource_values_with_user_id_with_title_where_post_id_is(java.lang.Integer)&amp#27;[0m

    Creating a PUT request with values : body:I am very grateful to be see the goodness user ID:2 postID: 2 title:my updated post


    Updating an existing resource  resource post :2:my updated post:I am very grateful to be see the goodness

  &amp#27;[32mWhen &amp#27;[0m&amp#27;[32mmy user id &amp#27;[0m&amp#27;[32m&amp#27;[1m2&amp#27;[0m&amp#27;[32m with title &amp#27;[0m&amp#27;[32m&amp#27;[1m"my updated post"&amp#27;[0m&amp#27;[32m posts &amp#27;[0m&amp#27;[32m&amp#27;[1m"I am very grateful to be see the goodness"&amp#27;[0m&amp#27;[32m to update where post id is &amp#27;[0m&amp#27;[32m&amp#27;[1m2&amp#27;[0m &amp#27;[90m# StepDefinations.NewPostsbyexistinguser_UpdationPostsDefns.my_user_id_with_title_posts_to_update_where_post_id_is(java.lang.Integer,java.lang.String,java.lang.String,java.lang.Integer)&amp#27;[0m
{
    "userId": 2,
    "body": "I am very grateful to be see the goodness",
    "title": "my updated post",
    "id": 2
}

    Retreived response is :{
      "userId": 2,
      "body": "I am very grateful to be see the goodness",
      "title": "my updated post",
      "id": 2
    }

{
    "userId": 2,
    "body": "I am very grateful to be see the goodness",
    "title": "my updated post",
    "id": 2
}

    validated the response and is :{
      "userId": 2,
      "body": "I am very grateful to be see the goodness",
      "title": "my updated post",
      "id": 2
    }

  &amp#27;[32mThen &amp#27;[0m&amp#27;[32mthe response is posted&amp#27;[0m                                                                                                   &amp#27;[90m# StepDefinations.NewPostsbyexistinguser_UpdationPostsDefns.the_response_is_posted()&amp#27;[0m

    New post successfully created and validated, with status code and the postid is :200,2

  &amp#27;[32mAnd &amp#27;[0m&amp#27;[32mI want to verify the log&amp#27;[0m                                                                                                  &amp#27;[90m# StepDefinations.NewPostsbyexistinguser_UpdationPostsDefns.i_want_to_verify_the_log()&amp#27;[0m
This will run after the Scenario
]]></system-out>
  </testcase>
  <testcase name="Example #1.4" classname="Examples" time="0.58">
    <failure message="1 expectation failed.&#10;JSON path id doesn&apos;t match.&#10;Expected: &lt;11&gt;&#10;  Actual: &lt;0&gt;&#10;" type="java.lang.AssertionError"><![CDATA[java.lang.AssertionError: 
1 expectation failed.
JSON path id doesn't match.
Expected: <11>
  Actual: <0>

	at sun.reflect.NativeConstructorAccessorImpl.newInstance0(Native Method)
	at sun.reflect.NativeConstructorAccessorImpl.newInstance(NativeConstructorAccessorImpl.java:62)
	at sun.reflect.DelegatingConstructorAccessorImpl.newInstance(DelegatingConstructorAccessorImpl.java:45)
	at java.lang.reflect.Constructor.newInstance(Constructor.java:423)
	at org.codehaus.groovy.reflection.CachedConstructor.invoke(CachedConstructor.java:73)
	at org.codehaus.groovy.reflection.CachedConstructor.doConstructorInvoke(CachedConstructor.java:60)
	at org.codehaus.groovy.runtime.callsite.ConstructorSite$ConstructorSiteNoUnwrap.callConstructor(ConstructorSite.java:86)
	at org.codehaus.groovy.runtime.callsite.AbstractCallSite.callConstructor(AbstractCallSite.java:277)
	at io.restassured.internal.ResponseSpecificationImpl$HamcrestAssertionClosure.validate(ResponseSpecificationImpl.groovy:512)
	at io.restassured.internal.ResponseSpecificationImpl$HamcrestAssertionClosure$validate$1.call(Unknown Source)
	at io.restassured.internal.ResponseSpecificationImpl.validateResponseIfRequired(ResponseSpecificationImpl.groovy:696)
	at io.restassured.internal.ResponseSpecificationImpl.this$2$validateResponseIfRequired(ResponseSpecificationImpl.groovy)
	at sun.reflect.GeneratedMethodAccessor140.invoke(Unknown Source)
	at sun.reflect.DelegatingMethodAccessorImpl.invoke(DelegatingMethodAccessorImpl.java:43)
	at java.lang.reflect.Method.invoke(Method.java:498)
	at org.codehaus.groovy.runtime.callsite.PlainObjectMetaMethodSite.doInvoke(PlainObjectMetaMethodSite.java:43)
	at org.codehaus.groovy.runtime.callsite.PogoMetaMethodSite$PogoCachedMethodSiteNoUnwrapNoCoerce.invoke(PogoMetaMethodSite.java:198)
	at org.codehaus.groovy.runtime.callsite.PogoMetaMethodSite.callCurrent(PogoMetaMethodSite.java:62)
	at org.codehaus.groovy.runtime.callsite.AbstractCallSite.callCurrent(AbstractCallSite.java:185)
	at io.restassured.internal.ResponseSpecificationImpl.body(ResponseSpecificationImpl.groovy:270)
	at io.restassured.specification.ResponseSpecification$body$0.callCurrent(Unknown Source)
	at io.restassured.internal.ResponseSpecificationImpl.body(ResponseSpecificationImpl.groovy:117)
	at io.restassured.internal.ValidatableResponseOptionsImpl.body(ValidatableResponseOptionsImpl.java:244)
	at StepDefinations.NewPostsbyexistinguser_UpdationPostsDefns.the_response_is_posted(NewPostsbyexistinguser_UpdationPostsDefns.java:95)
	at ✽.the response is posted(file:///Users/hema/eclipse-workspace/SocialNetworkingCommunity/src/main/resources/features/PatchingAnExistingResource.feature:8)
]]></failure>
    <system-out><![CDATA[
Scenario Outline: Updating the message using patching                                                                           &amp#27;[90m# src/main/resources/features/PatchingAnExistingResource.feature:17&amp#27;[0m

    Request to the end point:https://jsonplaceholder.typicode.com/posts

  &amp#27;[32mGiven &amp#27;[0m&amp#27;[32mI am an existing user of the social network&amp#27;[0m                                                                             &amp#27;[90m# StepDefinations.NewPostsbyexistinguser_UpdationPostsDefns.i_am_an_existing_user_of_the_social_network()&amp#27;[0m

    Setting header:Content-type=application/json; charset=UTF-8

  &amp#27;[32mAnd &amp#27;[0m&amp#27;[32mI want to post a new message with type header specification&amp#27;[0m                                                               &amp#27;[90m# StepDefinations.NewPostsbyexistinguser_UpdationPostsDefns.i_want_to_post_a_new_message_with_type_header_specification()&amp#27;[0m
POSTID: get 11
  &amp#27;[32mAnd &amp#27;[0m&amp#27;[32mwhen I get the existing resource values with user id  with title where post id is &amp#27;[0m&amp#27;[32m&amp#27;[1m11&amp#27;[0m                                      &amp#27;[90m# StepDefinations.NewPostsbyexistinguser_UpdationPostsDefns.when_i_get_the_existing_resource_values_with_user_id_with_title_where_post_id_is(java.lang.Integer)&amp#27;[0m
PATCHIND:11

    Creating a PATCH request with values : body:I am very grateful to be see the goodness user ID:2 postID: 11 title:my updated post


    Patching the an existing resource  :2:my updated post:I am very grateful to be see the goodness

  &amp#27;[32mWhen &amp#27;[0m&amp#27;[32mmy user id &amp#27;[0m&amp#27;[32m&amp#27;[1m2&amp#27;[0m&amp#27;[32m with title &amp#27;[0m&amp#27;[32m&amp#27;[1m"my updated post"&amp#27;[0m&amp#27;[32m posts &amp#27;[0m&amp#27;[32m&amp#27;[1m"I am very grateful to be see the goodness"&amp#27;[0m&amp#27;[32m to patch where post id is &amp#27;[0m&amp#27;[32m&amp#27;[1m11&amp#27;[0m &amp#27;[90m# StepDefinations.NewPostsbyexistinguser_UpdationPostsDefns.my_user_id_with_title_posts_to_patch_where_post_id_is(java.lang.Integer,java.lang.String,java.lang.String,java.lang.Integer)&amp#27;[0m
{
    "userId": 0,
    "id": 0,
    "title": null,
    "body": "my updated post"
}

    Retreived response is :{
      "userId": 0,
      "id": 0,
      "title": null,
      "body": "my updated post"
    }

  &amp#27;[31mThen &amp#27;[0m&amp#27;[31mthe response is posted&amp#27;[0m                                                                                                   &amp#27;[90m# StepDefinations.NewPostsbyexistinguser_UpdationPostsDefns.the_response_is_posted()&amp#27;[0m
      &amp#27;[31mjava.lang.AssertionError: 1 expectation failed.
JSON path id doesn't match.
Expected: <11>
  Actual: <0>

	at sun.reflect.NativeConstructorAccessorImpl.newInstance0(Native Method)
	at sun.reflect.NativeConstructorAccessorImpl.newInstance(NativeConstructorAccessorImpl.java:62)
	at sun.reflect.DelegatingConstructorAccessorImpl.newInstance(DelegatingConstructorAccessorImpl.java:45)
	at java.lang.reflect.Constructor.newInstance(Constructor.java:423)
	at org.codehaus.groovy.reflection.CachedConstructor.invoke(CachedConstructor.java:73)
	at org.codehaus.groovy.reflection.CachedConstructor.doConstructorInvoke(CachedConstructor.java:60)
	at org.codehaus.groovy.runtime.callsite.ConstructorSite$ConstructorSiteNoUnwrap.callConstructor(ConstructorSite.java:86)
	at org.codehaus.groovy.runtime.callsite.AbstractCallSite.callConstructor(AbstractCallSite.java:277)
	at io.restassured.internal.ResponseSpecificationImpl$HamcrestAssertionClosure.validate(ResponseSpecificationImpl.groovy:512)
	at io.restassured.internal.ResponseSpecificationImpl$HamcrestAssertionClosure$validate$1.call(Unknown Source)
	at io.restassured.internal.ResponseSpecificationImpl.validateResponseIfRequired(ResponseSpecificationImpl.groovy:696)
	at io.restassured.internal.ResponseSpecificationImpl.this$2$validateResponseIfRequired(ResponseSpecificationImpl.groovy)
	at sun.reflect.GeneratedMethodAccessor140.invoke(Unknown Source)
	at sun.reflect.DelegatingMethodAccessorImpl.invoke(DelegatingMethodAccessorImpl.java:43)
	at java.lang.reflect.Method.invoke(Method.java:498)
	at org.codehaus.groovy.runtime.callsite.PlainObjectMetaMethodSite.doInvoke(PlainObjectMetaMethodSite.java:43)
	at org.codehaus.groovy.runtime.callsite.PogoMetaMethodSite$PogoCachedMethodSiteNoUnwrapNoCoerce.invoke(PogoMetaMethodSite.java:198)
	at org.codehaus.groovy.runtime.callsite.PogoMetaMethodSite.callCurrent(PogoMetaMethodSite.java:62)
	at org.codehaus.groovy.runtime.callsite.AbstractCallSite.callCurrent(AbstractCallSite.java:185)
	at io.restassured.internal.ResponseSpecificationImpl.body(ResponseSpecificationImpl.groovy:270)
	at io.restassured.specification.ResponseSpecification$body$0.callCurrent(Unknown Source)
	at io.restassured.internal.ResponseSpecificationImpl.body(ResponseSpecificationImpl.groovy:117)
	at io.restassured.internal.ValidatableResponseOptionsImpl.body(ValidatableResponseOptionsImpl.java:244)
	at StepDefinations.NewPostsbyexistinguser_UpdationPostsDefns.the_response_is_posted(NewPostsbyexistinguser_UpdationPostsDefns.java:95)
	at ✽.the response is posted(file:///Users/hema/eclipse-workspace/SocialNetworkingCommunity/src/main/resources/features/PatchingAnExistingResource.feature:8)
&amp#27;[0m
  &amp#27;[36mAnd &amp#27;[0m&amp#27;[36mI want to verify the if patch is successful&amp#27;[0m                                                                               &amp#27;[90m# StepDefinations.NewPostsbyexistinguser_UpdationPostsDefns.i_want_to_verify_the_if_patch_is_successful()&amp#27;[0m
This will run after the Scenario
]]></system-out>
  </testcase>
  <testcase name="Example #1.4" classname="Examples" time="0.573">
    <failure message="1 expectation failed.&#10;JSON path id doesn&apos;t match.&#10;Expected: &lt;11&gt;&#10;  Actual: &lt;0&gt;&#10;" type="java.lang.AssertionError"><![CDATA[java.lang.AssertionError: 
1 expectation failed.
JSON path id doesn't match.
Expected: <11>
  Actual: <0>

	at sun.reflect.NativeConstructorAccessorImpl.newInstance0(Native Method)
	at sun.reflect.NativeConstructorAccessorImpl.newInstance(NativeConstructorAccessorImpl.java:62)
	at sun.reflect.DelegatingConstructorAccessorImpl.newInstance(DelegatingConstructorAccessorImpl.java:45)
	at java.lang.reflect.Constructor.newInstance(Constructor.java:423)
	at org.codehaus.groovy.reflection.CachedConstructor.invoke(CachedConstructor.java:73)
	at org.codehaus.groovy.reflection.CachedConstructor.doConstructorInvoke(CachedConstructor.java:60)
	at org.codehaus.groovy.runtime.callsite.ConstructorSite$ConstructorSiteNoUnwrap.callConstructor(ConstructorSite.java:86)
	at org.codehaus.groovy.runtime.callsite.AbstractCallSite.callConstructor(AbstractCallSite.java:277)
	at io.restassured.internal.ResponseSpecificationImpl$HamcrestAssertionClosure.validate(ResponseSpecificationImpl.groovy:512)
	at io.restassured.internal.ResponseSpecificationImpl$HamcrestAssertionClosure$validate$1.call(Unknown Source)
	at io.restassured.internal.ResponseSpecificationImpl.validateResponseIfRequired(ResponseSpecificationImpl.groovy:696)
	at io.restassured.internal.ResponseSpecificationImpl.this$2$validateResponseIfRequired(ResponseSpecificationImpl.groovy)
	at sun.reflect.GeneratedMethodAccessor140.invoke(Unknown Source)
	at sun.reflect.DelegatingMethodAccessorImpl.invoke(DelegatingMethodAccessorImpl.java:43)
	at java.lang.reflect.Method.invoke(Method.java:498)
	at org.codehaus.groovy.runtime.callsite.PlainObjectMetaMethodSite.doInvoke(PlainObjectMetaMethodSite.java:43)
	at org.codehaus.groovy.runtime.callsite.PogoMetaMethodSite$PogoCachedMethodSiteNoUnwrapNoCoerce.invoke(PogoMetaMethodSite.java:198)
	at org.codehaus.groovy.runtime.callsite.PogoMetaMethodSite.callCurrent(PogoMetaMethodSite.java:62)
	at org.codehaus.groovy.runtime.callsite.AbstractCallSite.callCurrent(AbstractCallSite.java:185)
	at io.restassured.internal.ResponseSpecificationImpl.body(ResponseSpecificationImpl.groovy:270)
	at io.restassured.specification.ResponseSpecification$body$0.callCurrent(Unknown Source)
	at io.restassured.internal.ResponseSpecificationImpl.body(ResponseSpecificationImpl.groovy:117)
	at io.restassured.internal.ValidatableResponseOptionsImpl.body(ValidatableResponseOptionsImpl.java:244)
	at StepDefinations.NewPostsbyexistinguser_UpdationPostsDefns.the_response_is_posted(NewPostsbyexistinguser_UpdationPostsDefns.java:95)
	at ✽.the response is posted(file:///Users/hema/eclipse-workspace/SocialNetworkingCommunity/src/main/resources/features/PatchingAnExistingResource.feature:8)
]]></failure>
    <system-out><![CDATA[
Scenario Outline: Updating the message using patching                                                                           &amp#27;[90m# src/main/resources/features/PatchingAnExistingResource.feature:17&amp#27;[0m

    Request to the end point:https://jsonplaceholder.typicode.com/posts

  &amp#27;[32mGiven &amp#27;[0m&amp#27;[32mI am an existing user of the social network&amp#27;[0m                                                                             &amp#27;[90m# StepDefinations.NewPostsbyexistinguser_UpdationPostsDefns.i_am_an_existing_user_of_the_social_network()&amp#27;[0m

    Setting header:Content-type=application/json; charset=UTF-8

  &amp#27;[32mAnd &amp#27;[0m&amp#27;[32mI want to post a new message with type header specification&amp#27;[0m                                                               &amp#27;[90m# StepDefinations.NewPostsbyexistinguser_UpdationPostsDefns.i_want_to_post_a_new_message_with_type_header_specification()&amp#27;[0m
POSTID: get 11
  &amp#27;[32mAnd &amp#27;[0m&amp#27;[32mwhen I get the existing resource values with user id  with title where post id is &amp#27;[0m&amp#27;[32m&amp#27;[1m11&amp#27;[0m                                      &amp#27;[90m# StepDefinations.NewPostsbyexistinguser_UpdationPostsDefns.when_i_get_the_existing_resource_values_with_user_id_with_title_where_post_id_is(java.lang.Integer)&amp#27;[0m
PATCHIND:11

    Creating a PATCH request with values : body:I am very grateful to be see the goodness user ID:2 postID: 11 title:my updated post


    Patching the an existing resource  :2:my updated post:I am very grateful to be see the goodness

  &amp#27;[32mWhen &amp#27;[0m&amp#27;[32mmy user id &amp#27;[0m&amp#27;[32m&amp#27;[1m2&amp#27;[0m&amp#27;[32m with title &amp#27;[0m&amp#27;[32m&amp#27;[1m"my updated post"&amp#27;[0m&amp#27;[32m posts &amp#27;[0m&amp#27;[32m&amp#27;[1m"I am very grateful to be see the goodness"&amp#27;[0m&amp#27;[32m to patch where post id is &amp#27;[0m&amp#27;[32m&amp#27;[1m11&amp#27;[0m &amp#27;[90m# StepDefinations.NewPostsbyexistinguser_UpdationPostsDefns.my_user_id_with_title_posts_to_patch_where_post_id_is(java.lang.Integer,java.lang.String,java.lang.String,java.lang.Integer)&amp#27;[0m
{
    "userId": 0,
    "id": 0,
    "title": null,
    "body": "my updated post"
}

    Retreived response is :{
      "userId": 0,
      "id": 0,
      "title": null,
      "body": "my updated post"
    }

  &amp#27;[31mThen &amp#27;[0m&amp#27;[31mthe response is posted&amp#27;[0m                                                                                                   &amp#27;[90m# StepDefinations.NewPostsbyexistinguser_UpdationPostsDefns.the_response_is_posted()&amp#27;[0m
      &amp#27;[31mjava.lang.AssertionError: 1 expectation failed.
JSON path id doesn't match.
Expected: <11>
  Actual: <0>

	at sun.reflect.NativeConstructorAccessorImpl.newInstance0(Native Method)
	at sun.reflect.NativeConstructorAccessorImpl.newInstance(NativeConstructorAccessorImpl.java:62)
	at sun.reflect.DelegatingConstructorAccessorImpl.newInstance(DelegatingConstructorAccessorImpl.java:45)
	at java.lang.reflect.Constructor.newInstance(Constructor.java:423)
	at org.codehaus.groovy.reflection.CachedConstructor.invoke(CachedConstructor.java:73)
	at org.codehaus.groovy.reflection.CachedConstructor.doConstructorInvoke(CachedConstructor.java:60)
	at org.codehaus.groovy.runtime.callsite.ConstructorSite$ConstructorSiteNoUnwrap.callConstructor(ConstructorSite.java:86)
	at org.codehaus.groovy.runtime.callsite.AbstractCallSite.callConstructor(AbstractCallSite.java:277)
	at io.restassured.internal.ResponseSpecificationImpl$HamcrestAssertionClosure.validate(ResponseSpecificationImpl.groovy:512)
	at io.restassured.internal.ResponseSpecificationImpl$HamcrestAssertionClosure$validate$1.call(Unknown Source)
	at io.restassured.internal.ResponseSpecificationImpl.validateResponseIfRequired(ResponseSpecificationImpl.groovy:696)
	at io.restassured.internal.ResponseSpecificationImpl.this$2$validateResponseIfRequired(ResponseSpecificationImpl.groovy)
	at sun.reflect.GeneratedMethodAccessor140.invoke(Unknown Source)
	at sun.reflect.DelegatingMethodAccessorImpl.invoke(DelegatingMethodAccessorImpl.java:43)
	at java.lang.reflect.Method.invoke(Method.java:498)
	at org.codehaus.groovy.runtime.callsite.PlainObjectMetaMethodSite.doInvoke(PlainObjectMetaMethodSite.java:43)
	at org.codehaus.groovy.runtime.callsite.PogoMetaMethodSite$PogoCachedMethodSiteNoUnwrapNoCoerce.invoke(PogoMetaMethodSite.java:198)
	at org.codehaus.groovy.runtime.callsite.PogoMetaMethodSite.callCurrent(PogoMetaMethodSite.java:62)
	at org.codehaus.groovy.runtime.callsite.AbstractCallSite.callCurrent(AbstractCallSite.java:185)
	at io.restassured.internal.ResponseSpecificationImpl.body(ResponseSpecificationImpl.groovy:270)
	at io.restassured.specification.ResponseSpecification$body$0.callCurrent(Unknown Source)
	at io.restassured.internal.ResponseSpecificationImpl.body(ResponseSpecificationImpl.groovy:117)
	at io.restassured.internal.ValidatableResponseOptionsImpl.body(ValidatableResponseOptionsImpl.java:244)
	at StepDefinations.NewPostsbyexistinguser_UpdationPostsDefns.the_response_is_posted(NewPostsbyexistinguser_UpdationPostsDefns.java:95)
	at ✽.the response is posted(file:///Users/hema/eclipse-workspace/SocialNetworkingCommunity/src/main/resources/features/PatchingAnExistingResource.feature:8)
&amp#27;[0m
  &amp#27;[36mAnd &amp#27;[0m&amp#27;[36mI want to verify the if patch is successful&amp#27;[0m                                                                               &amp#27;[90m# StepDefinations.NewPostsbyexistinguser_UpdationPostsDefns.i_want_to_verify_the_if_patch_is_successful()&amp#27;[0m
This will run after the Scenario
]]></system-out>
  </testcase>
  <testcase name="Example #1.5" classname="Examples" time="0.578">
    <failure message="1 expectation failed.&#10;JSON path id doesn&apos;t match.&#10;Expected: &lt;12&gt;&#10;  Actual: &lt;0&gt;&#10;" type="java.lang.AssertionError"><![CDATA[java.lang.AssertionError: 
1 expectation failed.
JSON path id doesn't match.
Expected: <12>
  Actual: <0>

	at sun.reflect.NativeConstructorAccessorImpl.newInstance0(Native Method)
	at sun.reflect.NativeConstructorAccessorImpl.newInstance(NativeConstructorAccessorImpl.java:62)
	at sun.reflect.DelegatingConstructorAccessorImpl.newInstance(DelegatingConstructorAccessorImpl.java:45)
	at java.lang.reflect.Constructor.newInstance(Constructor.java:423)
	at org.codehaus.groovy.reflection.CachedConstructor.invoke(CachedConstructor.java:73)
	at org.codehaus.groovy.reflection.CachedConstructor.doConstructorInvoke(CachedConstructor.java:60)
	at org.codehaus.groovy.runtime.callsite.ConstructorSite$ConstructorSiteNoUnwrap.callConstructor(ConstructorSite.java:86)
	at org.codehaus.groovy.runtime.callsite.AbstractCallSite.callConstructor(AbstractCallSite.java:277)
	at io.restassured.internal.ResponseSpecificationImpl$HamcrestAssertionClosure.validate(ResponseSpecificationImpl.groovy:512)
	at io.restassured.internal.ResponseSpecificationImpl$HamcrestAssertionClosure$validate$1.call(Unknown Source)
	at io.restassured.internal.ResponseSpecificationImpl.validateResponseIfRequired(ResponseSpecificationImpl.groovy:696)
	at io.restassured.internal.ResponseSpecificationImpl.this$2$validateResponseIfRequired(ResponseSpecificationImpl.groovy)
	at sun.reflect.GeneratedMethodAccessor140.invoke(Unknown Source)
	at sun.reflect.DelegatingMethodAccessorImpl.invoke(DelegatingMethodAccessorImpl.java:43)
	at java.lang.reflect.Method.invoke(Method.java:498)
	at org.codehaus.groovy.runtime.callsite.PlainObjectMetaMethodSite.doInvoke(PlainObjectMetaMethodSite.java:43)
	at org.codehaus.groovy.runtime.callsite.PogoMetaMethodSite$PogoCachedMethodSiteNoUnwrapNoCoerce.invoke(PogoMetaMethodSite.java:198)
	at org.codehaus.groovy.runtime.callsite.PogoMetaMethodSite.callCurrent(PogoMetaMethodSite.java:62)
	at org.codehaus.groovy.runtime.callsite.AbstractCallSite.callCurrent(AbstractCallSite.java:185)
	at io.restassured.internal.ResponseSpecificationImpl.body(ResponseSpecificationImpl.groovy:270)
	at io.restassured.specification.ResponseSpecification$body$0.callCurrent(Unknown Source)
	at io.restassured.internal.ResponseSpecificationImpl.body(ResponseSpecificationImpl.groovy:117)
	at io.restassured.internal.ValidatableResponseOptionsImpl.body(ValidatableResponseOptionsImpl.java:244)
	at StepDefinations.NewPostsbyexistinguser_UpdationPostsDefns.the_response_is_posted(NewPostsbyexistinguser_UpdationPostsDefns.java:95)
	at ✽.the response is posted(file:///Users/hema/eclipse-workspace/SocialNetworkingCommunity/src/main/resources/features/PatchingAnExistingResource.feature:8)
]]></failure>
    <system-out><![CDATA[
Scenario Outline: Updating the message using patching                                                                           &amp#27;[90m# src/main/resources/features/PatchingAnExistingResource.feature:18&amp#27;[0m

    Request to the end point:https://jsonplaceholder.typicode.com/posts

  &amp#27;[32mGiven &amp#27;[0m&amp#27;[32mI am an existing user of the social network&amp#27;[0m                                                                             &amp#27;[90m# StepDefinations.NewPostsbyexistinguser_UpdationPostsDefns.i_am_an_existing_user_of_the_social_network()&amp#27;[0m

    Setting header:Content-type=application/json; charset=UTF-8

  &amp#27;[32mAnd &amp#27;[0m&amp#27;[32mI want to post a new message with type header specification&amp#27;[0m                                                               &amp#27;[90m# StepDefinations.NewPostsbyexistinguser_UpdationPostsDefns.i_want_to_post_a_new_message_with_type_header_specification()&amp#27;[0m
POSTID: get 12
  &amp#27;[32mAnd &amp#27;[0m&amp#27;[32mwhen I get the existing resource values with user id  with title where post id is &amp#27;[0m&amp#27;[32m&amp#27;[1m12&amp#27;[0m                                      &amp#27;[90m# StepDefinations.NewPostsbyexistinguser_UpdationPostsDefns.when_i_get_the_existing_resource_values_with_user_id_with_title_where_post_id_is(java.lang.Integer)&amp#27;[0m
PATCHIND:12

    Creating a PATCH request with values : body:I am very grateful to be see the goodness user ID:2 postID: 12 title:my updated post


    Patching the an existing resource  :2:my updated post:I am very grateful to be see the goodness

  &amp#27;[32mWhen &amp#27;[0m&amp#27;[32mmy user id &amp#27;[0m&amp#27;[32m&amp#27;[1m2&amp#27;[0m&amp#27;[32m with title &amp#27;[0m&amp#27;[32m&amp#27;[1m"my updated post"&amp#27;[0m&amp#27;[32m posts &amp#27;[0m&amp#27;[32m&amp#27;[1m"I am very grateful to be see the goodness"&amp#27;[0m&amp#27;[32m to patch where post id is &amp#27;[0m&amp#27;[32m&amp#27;[1m12&amp#27;[0m &amp#27;[90m# StepDefinations.NewPostsbyexistinguser_UpdationPostsDefns.my_user_id_with_title_posts_to_patch_where_post_id_is(java.lang.Integer,java.lang.String,java.lang.String,java.lang.Integer)&amp#27;[0m
{
    "userId": 0,
    "id": 0,
    "title": null,
    "body": "my updated post"
}

    Retreived response is :{
      "userId": 0,
      "id": 0,
      "title": null,
      "body": "my updated post"
    }

  &amp#27;[31mThen &amp#27;[0m&amp#27;[31mthe response is posted&amp#27;[0m                                                                                                   &amp#27;[90m# StepDefinations.NewPostsbyexistinguser_UpdationPostsDefns.the_response_is_posted()&amp#27;[0m
      &amp#27;[31mjava.lang.AssertionError: 1 expectation failed.
JSON path id doesn't match.
Expected: <12>
  Actual: <0>

	at sun.reflect.NativeConstructorAccessorImpl.newInstance0(Native Method)
	at sun.reflect.NativeConstructorAccessorImpl.newInstance(NativeConstructorAccessorImpl.java:62)
	at sun.reflect.DelegatingConstructorAccessorImpl.newInstance(DelegatingConstructorAccessorImpl.java:45)
	at java.lang.reflect.Constructor.newInstance(Constructor.java:423)
	at org.codehaus.groovy.reflection.CachedConstructor.invoke(CachedConstructor.java:73)
	at org.codehaus.groovy.reflection.CachedConstructor.doConstructorInvoke(CachedConstructor.java:60)
	at org.codehaus.groovy.runtime.callsite.ConstructorSite$ConstructorSiteNoUnwrap.callConstructor(ConstructorSite.java:86)
	at org.codehaus.groovy.runtime.callsite.AbstractCallSite.callConstructor(AbstractCallSite.java:277)
	at io.restassured.internal.ResponseSpecificationImpl$HamcrestAssertionClosure.validate(ResponseSpecificationImpl.groovy:512)
	at io.restassured.internal.ResponseSpecificationImpl$HamcrestAssertionClosure$validate$1.call(Unknown Source)
	at io.restassured.internal.ResponseSpecificationImpl.validateResponseIfRequired(ResponseSpecificationImpl.groovy:696)
	at io.restassured.internal.ResponseSpecificationImpl.this$2$validateResponseIfRequired(ResponseSpecificationImpl.groovy)
	at sun.reflect.GeneratedMethodAccessor140.invoke(Unknown Source)
	at sun.reflect.DelegatingMethodAccessorImpl.invoke(DelegatingMethodAccessorImpl.java:43)
	at java.lang.reflect.Method.invoke(Method.java:498)
	at org.codehaus.groovy.runtime.callsite.PlainObjectMetaMethodSite.doInvoke(PlainObjectMetaMethodSite.java:43)
	at org.codehaus.groovy.runtime.callsite.PogoMetaMethodSite$PogoCachedMethodSiteNoUnwrapNoCoerce.invoke(PogoMetaMethodSite.java:198)
	at org.codehaus.groovy.runtime.callsite.PogoMetaMethodSite.callCurrent(PogoMetaMethodSite.java:62)
	at org.codehaus.groovy.runtime.callsite.AbstractCallSite.callCurrent(AbstractCallSite.java:185)
	at io.restassured.internal.ResponseSpecificationImpl.body(ResponseSpecificationImpl.groovy:270)
	at io.restassured.specification.ResponseSpecification$body$0.callCurrent(Unknown Source)
	at io.restassured.internal.ResponseSpecificationImpl.body(ResponseSpecificationImpl.groovy:117)
	at io.restassured.internal.ValidatableResponseOptionsImpl.body(ValidatableResponseOptionsImpl.java:244)
	at StepDefinations.NewPostsbyexistinguser_UpdationPostsDefns.the_response_is_posted(NewPostsbyexistinguser_UpdationPostsDefns.java:95)
	at ✽.the response is posted(file:///Users/hema/eclipse-workspace/SocialNetworkingCommunity/src/main/resources/features/PatchingAnExistingResource.feature:8)
&amp#27;[0m
  &amp#27;[36mAnd &amp#27;[0m&amp#27;[36mI want to verify the if patch is successful&amp#27;[0m                                                                               &amp#27;[90m# StepDefinations.NewPostsbyexistinguser_UpdationPostsDefns.i_want_to_verify_the_if_patch_is_successful()&amp#27;[0m
This will run after the Scenario
]]></system-out>
  </testcase>
  <testcase name="Example #1.5" classname="Examples" time="0.57">
    <failure message="1 expectation failed.&#10;JSON path id doesn&apos;t match.&#10;Expected: &lt;12&gt;&#10;  Actual: &lt;0&gt;&#10;" type="java.lang.AssertionError"><![CDATA[java.lang.AssertionError: 
1 expectation failed.
JSON path id doesn't match.
Expected: <12>
  Actual: <0>

	at sun.reflect.NativeConstructorAccessorImpl.newInstance0(Native Method)
	at sun.reflect.NativeConstructorAccessorImpl.newInstance(NativeConstructorAccessorImpl.java:62)
	at sun.reflect.DelegatingConstructorAccessorImpl.newInstance(DelegatingConstructorAccessorImpl.java:45)
	at java.lang.reflect.Constructor.newInstance(Constructor.java:423)
	at org.codehaus.groovy.reflection.CachedConstructor.invoke(CachedConstructor.java:73)
	at org.codehaus.groovy.reflection.CachedConstructor.doConstructorInvoke(CachedConstructor.java:60)
	at org.codehaus.groovy.runtime.callsite.ConstructorSite$ConstructorSiteNoUnwrap.callConstructor(ConstructorSite.java:86)
	at org.codehaus.groovy.runtime.callsite.AbstractCallSite.callConstructor(AbstractCallSite.java:277)
	at io.restassured.internal.ResponseSpecificationImpl$HamcrestAssertionClosure.validate(ResponseSpecificationImpl.groovy:512)
	at io.restassured.internal.ResponseSpecificationImpl$HamcrestAssertionClosure$validate$1.call(Unknown Source)
	at io.restassured.internal.ResponseSpecificationImpl.validateResponseIfRequired(ResponseSpecificationImpl.groovy:696)
	at io.restassured.internal.ResponseSpecificationImpl.this$2$validateResponseIfRequired(ResponseSpecificationImpl.groovy)
	at sun.reflect.GeneratedMethodAccessor140.invoke(Unknown Source)
	at sun.reflect.DelegatingMethodAccessorImpl.invoke(DelegatingMethodAccessorImpl.java:43)
	at java.lang.reflect.Method.invoke(Method.java:498)
	at org.codehaus.groovy.runtime.callsite.PlainObjectMetaMethodSite.doInvoke(PlainObjectMetaMethodSite.java:43)
	at org.codehaus.groovy.runtime.callsite.PogoMetaMethodSite$PogoCachedMethodSiteNoUnwrapNoCoerce.invoke(PogoMetaMethodSite.java:198)
	at org.codehaus.groovy.runtime.callsite.PogoMetaMethodSite.callCurrent(PogoMetaMethodSite.java:62)
	at org.codehaus.groovy.runtime.callsite.AbstractCallSite.callCurrent(AbstractCallSite.java:185)
	at io.restassured.internal.ResponseSpecificationImpl.body(ResponseSpecificationImpl.groovy:270)
	at io.restassured.specification.ResponseSpecification$body$0.callCurrent(Unknown Source)
	at io.restassured.internal.ResponseSpecificationImpl.body(ResponseSpecificationImpl.groovy:117)
	at io.restassured.internal.ValidatableResponseOptionsImpl.body(ValidatableResponseOptionsImpl.java:244)
	at StepDefinations.NewPostsbyexistinguser_UpdationPostsDefns.the_response_is_posted(NewPostsbyexistinguser_UpdationPostsDefns.java:95)
	at ✽.the response is posted(file:///Users/hema/eclipse-workspace/SocialNetworkingCommunity/src/main/resources/features/PatchingAnExistingResource.feature:8)
]]></failure>
    <system-out><![CDATA[
Scenario Outline: Updating the message using patching                                                                           &amp#27;[90m# src/main/resources/features/PatchingAnExistingResource.feature:18&amp#27;[0m

    Request to the end point:https://jsonplaceholder.typicode.com/posts

  &amp#27;[32mGiven &amp#27;[0m&amp#27;[32mI am an existing user of the social network&amp#27;[0m                                                                             &amp#27;[90m# StepDefinations.NewPostsbyexistinguser_UpdationPostsDefns.i_am_an_existing_user_of_the_social_network()&amp#27;[0m

    Setting header:Content-type=application/json; charset=UTF-8

  &amp#27;[32mAnd &amp#27;[0m&amp#27;[32mI want to post a new message with type header specification&amp#27;[0m                                                               &amp#27;[90m# StepDefinations.NewPostsbyexistinguser_UpdationPostsDefns.i_want_to_post_a_new_message_with_type_header_specification()&amp#27;[0m
POSTID: get 12
  &amp#27;[32mAnd &amp#27;[0m&amp#27;[32mwhen I get the existing resource values with user id  with title where post id is &amp#27;[0m&amp#27;[32m&amp#27;[1m12&amp#27;[0m                                      &amp#27;[90m# StepDefinations.NewPostsbyexistinguser_UpdationPostsDefns.when_i_get_the_existing_resource_values_with_user_id_with_title_where_post_id_is(java.lang.Integer)&amp#27;[0m
PATCHIND:12

    Creating a PATCH request with values : body:I am very grateful to be see the goodness user ID:2 postID: 12 title:my updated post


    Patching the an existing resource  :2:my updated post:I am very grateful to be see the goodness

  &amp#27;[32mWhen &amp#27;[0m&amp#27;[32mmy user id &amp#27;[0m&amp#27;[32m&amp#27;[1m2&amp#27;[0m&amp#27;[32m with title &amp#27;[0m&amp#27;[32m&amp#27;[1m"my updated post"&amp#27;[0m&amp#27;[32m posts &amp#27;[0m&amp#27;[32m&amp#27;[1m"I am very grateful to be see the goodness"&amp#27;[0m&amp#27;[32m to patch where post id is &amp#27;[0m&amp#27;[32m&amp#27;[1m12&amp#27;[0m &amp#27;[90m# StepDefinations.NewPostsbyexistinguser_UpdationPostsDefns.my_user_id_with_title_posts_to_patch_where_post_id_is(java.lang.Integer,java.lang.String,java.lang.String,java.lang.Integer)&amp#27;[0m
{
    "userId": 0,
    "id": 0,
    "title": null,
    "body": "my updated post"
}

    Retreived response is :{
      "userId": 0,
      "id": 0,
      "title": null,
      "body": "my updated post"
    }

  &amp#27;[31mThen &amp#27;[0m&amp#27;[31mthe response is posted&amp#27;[0m                                                                                                   &amp#27;[90m# StepDefinations.NewPostsbyexistinguser_UpdationPostsDefns.the_response_is_posted()&amp#27;[0m
      &amp#27;[31mjava.lang.AssertionError: 1 expectation failed.
JSON path id doesn't match.
Expected: <12>
  Actual: <0>

	at sun.reflect.NativeConstructorAccessorImpl.newInstance0(Native Method)
	at sun.reflect.NativeConstructorAccessorImpl.newInstance(NativeConstructorAccessorImpl.java:62)
	at sun.reflect.DelegatingConstructorAccessorImpl.newInstance(DelegatingConstructorAccessorImpl.java:45)
	at java.lang.reflect.Constructor.newInstance(Constructor.java:423)
	at org.codehaus.groovy.reflection.CachedConstructor.invoke(CachedConstructor.java:73)
	at org.codehaus.groovy.reflection.CachedConstructor.doConstructorInvoke(CachedConstructor.java:60)
	at org.codehaus.groovy.runtime.callsite.ConstructorSite$ConstructorSiteNoUnwrap.callConstructor(ConstructorSite.java:86)
	at org.codehaus.groovy.runtime.callsite.AbstractCallSite.callConstructor(AbstractCallSite.java:277)
	at io.restassured.internal.ResponseSpecificationImpl$HamcrestAssertionClosure.validate(ResponseSpecificationImpl.groovy:512)
	at io.restassured.internal.ResponseSpecificationImpl$HamcrestAssertionClosure$validate$1.call(Unknown Source)
	at io.restassured.internal.ResponseSpecificationImpl.validateResponseIfRequired(ResponseSpecificationImpl.groovy:696)
	at io.restassured.internal.ResponseSpecificationImpl.this$2$validateResponseIfRequired(ResponseSpecificationImpl.groovy)
	at sun.reflect.GeneratedMethodAccessor140.invoke(Unknown Source)
	at sun.reflect.DelegatingMethodAccessorImpl.invoke(DelegatingMethodAccessorImpl.java:43)
	at java.lang.reflect.Method.invoke(Method.java:498)
	at org.codehaus.groovy.runtime.callsite.PlainObjectMetaMethodSite.doInvoke(PlainObjectMetaMethodSite.java:43)
	at org.codehaus.groovy.runtime.callsite.PogoMetaMethodSite$PogoCachedMethodSiteNoUnwrapNoCoerce.invoke(PogoMetaMethodSite.java:198)
	at org.codehaus.groovy.runtime.callsite.PogoMetaMethodSite.callCurrent(PogoMetaMethodSite.java:62)
	at org.codehaus.groovy.runtime.callsite.AbstractCallSite.callCurrent(AbstractCallSite.java:185)
	at io.restassured.internal.ResponseSpecificationImpl.body(ResponseSpecificationImpl.groovy:270)
	at io.restassured.specification.ResponseSpecification$body$0.callCurrent(Unknown Source)
	at io.restassured.internal.ResponseSpecificationImpl.body(ResponseSpecificationImpl.groovy:117)
	at io.restassured.internal.ValidatableResponseOptionsImpl.body(ValidatableResponseOptionsImpl.java:244)
	at StepDefinations.NewPostsbyexistinguser_UpdationPostsDefns.the_response_is_posted(NewPostsbyexistinguser_UpdationPostsDefns.java:95)
	at ✽.the response is posted(file:///Users/hema/eclipse-workspace/SocialNetworkingCommunity/src/main/resources/features/PatchingAnExistingResource.feature:8)
&amp#27;[0m
  &amp#27;[36mAnd &amp#27;[0m&amp#27;[36mI want to verify the if patch is successful&amp#27;[0m                                                                               &amp#27;[90m# StepDefinations.NewPostsbyexistinguser_UpdationPostsDefns.i_want_to_verify_the_if_patch_is_successful()&amp#27;[0m
This will run after the Scenario
]]></system-out>
  </testcase>
  <testcase name="I want to read the posts and the details" classname="I want to read the posts" time="0.344">
    <system-out><![CDATA[
@qa
Scenario: I want to read the posts and the details &amp#27;[90m# src/main/resources/features/GetTheExistingPostDetails.feature:4&amp#27;[0m

    End point url of the posts is :https://jsonplaceholder.typicode.com/posts

  &amp#27;[32mGiven &amp#27;[0m&amp#27;[32mI am an user of the social network&amp#27;[0m         &amp#27;[90m# StepDefinations.ReadingExistngPostDetailsDefns.i_am_an_user_of_the_social_network()&amp#27;[0m
  &amp#27;[32mWhen &amp#27;[0m&amp#27;[32mI can access the posts&amp#27;[0m                      &amp#27;[90m# StepDefinations.ReadingExistngPostDetailsDefns.i_can_access_the_posts()&amp#27;[0m
  &amp#27;[32mThen &amp#27;[0m&amp#27;[32mI want to read the posts&amp#27;[0m                    &amp#27;[90m# StepDefinations.ReadingExistngPostDetailsDefns.i_want_to_read_the_posts()&amp#27;[0m

    Total number of existing posts :100


    Total number of unique users are  :10

  &amp#27;[32mAnd &amp#27;[0m&amp#27;[32mI want to save the posts&amp#27;[0m                     &amp#27;[90m# StepDefinations.ReadingExistngPostDetailsDefns.i_want_to_save_the_posts()&amp#27;[0m
This will run after the Scenario
]]></system-out>
  </testcase>
  <testcase name="I want to read the posts and the details" classname="I want to read the posts" time="0.315">
    <system-out><![CDATA[
@qa
Scenario: I want to read the posts and the details &amp#27;[90m# src/main/resources/features/GetTheExistingPostDetails.feature:4&amp#27;[0m

    End point url of the posts is :https://jsonplaceholder.typicode.com/posts

  &amp#27;[32mGiven &amp#27;[0m&amp#27;[32mI am an user of the social network&amp#27;[0m         &amp#27;[90m# StepDefinations.ReadingExistngPostDetailsDefns.i_am_an_user_of_the_social_network()&amp#27;[0m
  &amp#27;[32mWhen &amp#27;[0m&amp#27;[32mI can access the posts&amp#27;[0m                      &amp#27;[90m# StepDefinations.ReadingExistngPostDetailsDefns.i_can_access_the_posts()&amp#27;[0m
  &amp#27;[32mThen &amp#27;[0m&amp#27;[32mI want to read the posts&amp#27;[0m                    &amp#27;[90m# StepDefinations.ReadingExistngPostDetailsDefns.i_want_to_read_the_posts()&amp#27;[0m

    Total number of existing posts :100


    Total number of unique users are  :10

  &amp#27;[32mAnd &amp#27;[0m&amp#27;[32mI want to save the posts&amp#27;[0m                     &amp#27;[90m# StepDefinations.ReadingExistngPostDetailsDefns.i_want_to_save_the_posts()&amp#27;[0m
This will run after the Scenario
]]></system-out>
  </testcase>
</testsuite>